"C:/Users/drago/Documents/Unreal Projects/SimonOfTheDead/Content/Blueprints/Enemies/BP_AIController.uasset" 0
"C:/Users/drago/Documents/Unreal Projects/SimonOfTheDead/Content/Blueprints/Logic/Enum_SequenceItem.uasset" 1
"C:/Users/drago/Documents/Unreal Projects/SimonOfTheDead/Content/Textures/Button_A1_S.uasset" 2
"C:/Users/drago/Documents/Unreal Projects/SimonOfTheDead/Content/Textures/Button_A1_S_Sprite.uasset" 3
"C:/Users/drago/Documents/Unreal Projects/SimonOfTheDead/Content/Textures/Button_A2_S.uasset" 4
"C:/Users/drago/Documents/Unreal Projects/SimonOfTheDead/Content/Textures/Button_A2_S_Sprite.uasset" 5
"C:/Users/drago/Documents/Unreal Projects/SimonOfTheDead/Content/Textures/Button_A3_S.uasset" 6
"C:/Users/drago/Documents/Unreal Projects/SimonOfTheDead/Content/Textures/Button_A3_S_Sprite.uasset" 7
"C:/Users/drago/Documents/Unreal Projects/SimonOfTheDead/Content/Textures/Button_A4_S.uasset" 8
"C:/Users/drago/Documents/Unreal Projects/SimonOfTheDead/Content/Textures/Button_A4_S_Sprite.uasset" 9
"C:/Users/drago/Documents/Unreal Projects/SimonOfTheDead/Content/Textures/UI/Button_A1.uasset" 10
"C:/Users/drago/Documents/Unreal Projects/SimonOfTheDead/Content/Textures/UI/Button_A1_Sprite.uasset" 11
"C:/Users/drago/Documents/Unreal Projects/SimonOfTheDead/Content/Textures/UI/Button_A2.uasset" 12
"C:/Users/drago/Documents/Unreal Projects/SimonOfTheDead/Content/Textures/UI/Button_A2_Sprite.uasset" 13
"C:/Users/drago/Documents/Unreal Projects/SimonOfTheDead/Content/Textures/UI/Button_A3.uasset" 14
"C:/Users/drago/Documents/Unreal Projects/SimonOfTheDead/Content/Textures/UI/Button_A3_Sprite.uasset" 15
"C:/Users/drago/Documents/Unreal Projects/SimonOfTheDead/Content/Textures/UI/Button_A4.uasset" 16
"C:/Users/drago/Documents/Unreal Projects/SimonOfTheDead/Content/Textures/UI/Button_A4_Sprite.uasset" 17
"C:/Users/drago/Documents/Unreal Projects/SimonOfTheDead/Content/Blueprints/Enemies/BP_EnemyBoss.uasset" 18
"C:/Users/drago/Documents/Unreal Projects/SimonOfTheDead/Content/Blueprints/Enemies/BP_EnemyNormal.uasset" 19
"../../Plugins/2D/Paper2D/Content/PlaceholderTextures/DummySpriteTexture.uasset" 20
"C:/Users/drago/Documents/Unreal Projects/SimonOfTheDead/Content/Materials/SpriteTranslucent.uasset" 21
"C:/Users/drago/Documents/Unreal Projects/SimonOfTheDead/Content/Blueprints/Enemies/BP_EnemySmall.uasset" 22
"C:/Users/drago/Documents/Unreal Projects/SimonOfTheDead/Content/Textures/white_8x8.uasset" 23
"C:/Users/drago/Documents/Unreal Projects/SimonOfTheDead/Content/Materials/_Master_SimpleParticle.uasset" 24
"C:/Users/drago/Documents/Unreal Projects/SimonOfTheDead/Content/Materials/Particle_Bits.uasset" 25
"C:/Users/drago/Documents/Unreal Projects/SimonOfTheDead/Content/Textures/flare.uasset" 26
"C:/Users/drago/Documents/Unreal Projects/SimonOfTheDead/Content/Materials/Particle_Flare.uasset" 27
"C:/Users/drago/Documents/Unreal Projects/SimonOfTheDead/Content/Materials/_Master_SubUVParticle.uasset" 28
"C:/Users/drago/Documents/Unreal Projects/SimonOfTheDead/Content/Textures/Shatter.uasset" 29
"C:/Users/drago/Documents/Unreal Projects/SimonOfTheDead/Content/Materials/Particle_Shards.uasset" 30
"C:/Users/drago/Documents/Unreal Projects/SimonOfTheDead/Content/Particles/P_Gem_Shatter.uasset" 31
"../../../Engine/Content/Functions/Engine_MaterialFunctions01/Gradient/LinearGradient.uasset" 32
"C:/Users/drago/Documents/Unreal Projects/SimonOfTheDead/Content/Materials/ParameterCollection.uasset" 33
"C:/Users/drago/Documents/Unreal Projects/SimonOfTheDead/Content/Materials/_Master_SimpleParticleColor.uasset" 34
"C:/Users/drago/Documents/Unreal Projects/SimonOfTheDead/Content/Textures/T_Torch_Flames.uasset" 35
"C:/Users/drago/Documents/Unreal Projects/SimonOfTheDead/Content/Materials/Torch_Flames.uasset" 36
"C:/Users/drago/Documents/Unreal Projects/SimonOfTheDead/Content/Particles/P_TorchFlames.uasset" 37
"C:/Users/drago/Documents/Unreal Projects/SimonOfTheDead/Content/Blueprints/Logic/BP_ParticleShot.uasset" 38
"C:/Users/drago/Documents/Unreal Projects/SimonOfTheDead/Content/Blueprints/Logic/BP_Saver.uasset" 39
"C:/Users/drago/Documents/Unreal Projects/SimonOfTheDead/Content/Fonts/AveriaSerif-Regular_0_Default.uasset" 40
"C:/Users/drago/Documents/Unreal Projects/SimonOfTheDead/Content/Fonts/AveriaSerif-Regular.uasset" 41
"C:/Users/drago/Documents/Unreal Projects/SimonOfTheDead/Content/Textures/GUI/Test/ButtonWoodBlock.uasset" 42
"C:/Users/drago/Documents/Unreal Projects/SimonOfTheDead/Content/Textures/GUI/Test/Symbol_Arrow.uasset" 43
"C:/Users/drago/Documents/Unreal Projects/SimonOfTheDead/Content/Textures/GUI/Test/SymbolReplay.uasset" 44
"C:/Users/drago/Documents/Unreal Projects/SimonOfTheDead/Content/Textures/GUI/Test/T_Parchment_Corners.uasset" 45
"C:/Users/drago/Documents/Unreal Projects/SimonOfTheDead/Content/Blueprints/Widgets/BPW_GameOver.uasset" 46
"C:/Users/drago/Documents/Unreal Projects/SimonOfTheDead/Content/Blueprints/Widgets/BPW_Buttons.uasset" 47
"../../../Engine/Content/Functions/Engine_MaterialFunctions02/Utility/BreakOutFloat2Components.uasset" 48
"../../../Engine/Content/ArtTools/RenderToTexture/MaterialFunctions/CheckerPattern.uasset" 49
"../../../Engine/Content/Functions/Engine_MaterialFunctions02/Utility/BreakOutFloat4Components.uasset" 50
"../../../Engine/Content/Functions/Engine_MaterialFunctions02/Utility/MakeFloat2.uasset" 51
"../../../Engine/Content/Functions/Engine_MaterialFunctions02/Utility/MakeFloat4.uasset" 52
"../../../Engine/Content/Functions/Engine_MaterialFunctions02/Utility/Swizzle.uasset" 53
"../../../Engine/Content/Functions/Engine_MaterialFunctions02/Utility/VectorLength.uasset" 54
"C:/Users/drago/Documents/Unreal Projects/SimonOfTheDead/Content/RoboBars/Functins/MF_SMin.uasset" 55
"C:/Users/drago/Documents/Unreal Projects/SimonOfTheDead/Content/RoboBars/Functins/MF_SMin2.uasset" 56
"C:/Users/drago/Documents/Unreal Projects/SimonOfTheDead/Content/RoboBars/Functins/MF_SmoothStepWidth.uasset" 57
"C:/Users/drago/Documents/Unreal Projects/SimonOfTheDead/Content/RoboBars/Functins/MF_Translcent.uasset" 58
"C:/Users/drago/Documents/Unreal Projects/SimonOfTheDead/Content/RoboBars/Functins/MF_TriangleWave.uasset" 59
"C:/Users/drago/Documents/Unreal Projects/SimonOfTheDead/Content/RoboBars/Textures/Gloss/T_Gloss_Light.uasset" 60
"C:/Users/drago/Documents/Unreal Projects/SimonOfTheDead/Content/RoboBars/Materials/MF_Layers.uasset" 61
"C:/Users/drago/Documents/Unreal Projects/SimonOfTheDead/Content/RoboBars/Textures/Patterns/T_PatternHeart.uasset" 62
"C:/Users/drago/Documents/Unreal Projects/SimonOfTheDead/Content/RoboBars/Materials/MF_Rect.uasset" 63
"C:/Users/drago/Documents/Unreal Projects/SimonOfTheDead/Content/RoboBars/Materials/M_UmgRectBar.uasset" 64
"C:/Users/drago/Documents/Unreal Projects/SimonOfTheDead/Content/RoboBars/Materials/MI_UmgRectBar.uasset" 65
"C:/Users/drago/Documents/Unreal Projects/SimonOfTheDead/Content/RoboBars/Materials/ExamplesUmg/MI_UmgPatternHearts.uasset" 66
"C:/Users/drago/Documents/Unreal Projects/SimonOfTheDead/Content/Blueprints/Widgets/BPW_Hearts.uasset" 67
"C:/Users/drago/Documents/Unreal Projects/SimonOfTheDead/Content/Textures/GUI/Test/T_Parchment_Corners_Mat.uasset" 68
"C:/Users/drago/Documents/Unreal Projects/SimonOfTheDead/Content/Textures/GUI/Test/Button_Cancel.uasset" 69
"C:/Users/drago/Documents/Unreal Projects/SimonOfTheDead/Content/Textures/GUI/Test/Symbole_Check.uasset" 70
"C:/Users/drago/Documents/Unreal Projects/SimonOfTheDead/Content/Blueprints/Widgets/BPW_ConfirmationScreen.uasset" 71
"C:/Users/drago/Documents/Unreal Projects/SimonOfTheDead/Content/Textures/GUI/SettingsCheckboxOff.uasset" 72
"C:/Users/drago/Documents/Unreal Projects/SimonOfTheDead/Content/Textures/GUI/SettingsCheckboxOn.uasset" 73
"C:/Users/drago/Documents/Unreal Projects/SimonOfTheDead/Content/Blueprints/Widgets/BPW_MainSettings.uasset" 74
"C:/Users/drago/Documents/Unreal Projects/SimonOfTheDead/Content/Textures/GUI/Test/SymbolSettings.uasset" 75
"C:/Users/drago/Documents/Unreal Projects/SimonOfTheDead/Content/Textures/UI/HurtVingette.uasset" 76
"C:/Users/drago/Documents/Unreal Projects/SimonOfTheDead/Content/Blueprints/Widgets/BPW_GameWindow.uasset" 77
"C:/Users/drago/Documents/Unreal Projects/SimonOfTheDead/Content/Blueprints/Logic/BP_GameLogic.uasset" 78
"../../Plugins/2D/Paper2D/Content/DefaultSpriteMaterial.uasset" 79
"../../Plugins/2D/Paper2D/Content/TranslucentUnlitSpriteMaterial.uasset" 80
"C:/Users/drago/Documents/Unreal Projects/SimonOfTheDead/Content/Textures/Monsters/TombZombies_zps8f8e5982.uasset" 81
"C:/Users/drago/Documents/Unreal Projects/SimonOfTheDead/Content/Textures/Monsters/TombZombies_zps8f8e5982_Sprite_0.uasset" 82
"C:/Users/drago/Documents/Unreal Projects/SimonOfTheDead/Content/Textures/Monsters/TombZombies_zps8f8e5982_Sprite_1.uasset" 83
"C:/Users/drago/Documents/Unreal Projects/SimonOfTheDead/Content/Textures/Monsters/TombZombies_zps8f8e5982_Sprite_2.uasset" 84
"C:/Users/drago/Documents/Unreal Projects/SimonOfTheDead/Content/Textures/Monsters/FB_Zombie01.uasset" 85
"C:/Users/drago/Documents/Unreal Projects/SimonOfTheDead/Content/Textures/Monsters/TombZombies_zps8f8e5982_Sprite_3.uasset" 86
"C:/Users/drago/Documents/Unreal Projects/SimonOfTheDead/Content/Textures/Monsters/TombZombies_zps8f8e5982_Sprite_4.uasset" 87
"C:/Users/drago/Documents/Unreal Projects/SimonOfTheDead/Content/Textures/Monsters/TombZombies_zps8f8e5982_Sprite_5.uasset" 88
"C:/Users/drago/Documents/Unreal Projects/SimonOfTheDead/Content/Textures/Monsters/FB_Zombie02.uasset" 89
"C:/Users/drago/Documents/Unreal Projects/SimonOfTheDead/Content/Textures/Monsters/TombZombies_zps8f8e5982_Sprite_6.uasset" 90
"C:/Users/drago/Documents/Unreal Projects/SimonOfTheDead/Content/Textures/Monsters/TombZombies_zps8f8e5982_Sprite_7.uasset" 91
"C:/Users/drago/Documents/Unreal Projects/SimonOfTheDead/Content/Textures/Monsters/TombZombies_zps8f8e5982_Sprite_8.uasset" 92
"C:/Users/drago/Documents/Unreal Projects/SimonOfTheDead/Content/Textures/Monsters/FB_Zombie03.uasset" 93
"C:/Users/drago/Documents/Unreal Projects/SimonOfTheDead/Content/Blueprints/Enemies/BP_EnemyDefault.uasset" 94
"C:/Users/drago/Documents/Unreal Projects/SimonOfTheDead/Content/Blueprints/Enemies/BP_EnemyNormalNew.uasset" 95
"C:/Users/drago/Documents/Unreal Projects/SimonOfTheDead/Content/Blueprints/Logic/BP_Pawn.uasset" 96
"C:/Users/drago/Documents/Unreal Projects/SimonOfTheDead/Content/Blueprints/Themes/BP_ThemeData.uasset" 97
"C:/Users/drago/Documents/Unreal Projects/SimonOfTheDead/Content/Blueprints/Themes/BP_Theme_Default.uasset" 98
"C:/Users/drago/Documents/Unreal Projects/SimonOfTheDead/Content/Blueprints/Widgets/BPW_MenuItem.uasset" 99
"C:/Users/drago/Documents/Unreal Projects/SimonOfTheDead/Content/Materials/_Master_SimpleParticleColorPlayfieldMasked.uasset" 100
"C:/Users/drago/Documents/Unreal Projects/SimonOfTheDead/Content/Textures/T_Spark_Core.uasset" 101
"C:/Users/drago/Documents/Unreal Projects/SimonOfTheDead/Content/Materials/Particle_BombFuse.uasset" 102
"C:/Users/drago/Documents/Unreal Projects/SimonOfTheDead/Content/Textures/Cloud.uasset" 103
"C:/Users/drago/Documents/Unreal Projects/SimonOfTheDead/Content/Materials/Particle_Clouds.uasset" 104
"C:/Users/drago/Documents/Unreal Projects/SimonOfTheDead/Content/Textures/RadialBurst.uasset" 105
"C:/Users/drago/Documents/Unreal Projects/SimonOfTheDead/Content/Materials/Particle_Target.uasset" 106
"C:/Users/drago/Documents/Unreal Projects/SimonOfTheDead/Content/Particles/P_Bomb.uasset" 107
"C:/Users/drago/Documents/Unreal Projects/SimonOfTheDead/Content/Particles/P_Bomb_Fuse.uasset" 108
"C:/Users/drago/Documents/Unreal Projects/SimonOfTheDead/Content/Textures/Star.uasset" 109
"C:/Users/drago/Documents/Unreal Projects/SimonOfTheDead/Content/Materials/MAT_Star.uasset" 110
"C:/Users/drago/Documents/Unreal Projects/SimonOfTheDead/Content/Particles/P_Explosion.uasset" 111
"C:/Users/drago/Documents/Unreal Projects/SimonOfTheDead/Content/Materials/MAT_Ribbon.uasset" 112
"C:/Users/drago/Documents/Unreal Projects/SimonOfTheDead/Content/Particles/P_RibbonParticle.uasset" 113
"C:/Users/drago/Documents/Unreal Projects/SimonOfTheDead/Content/Particles/P_Selected_Title.uasset" 114
"C:/Users/drago/Documents/Unreal Projects/SimonOfTheDead/Content/Materials/_Master_Unlit.uasset" 115
"C:/Users/drago/Documents/Unreal Projects/SimonOfTheDead/Content/Textures/RockCrumble.uasset" 116
"C:/Users/drago/Documents/Unreal Projects/SimonOfTheDead/Content/Materials/Rock_Crumble.uasset" 117
"C:/Users/drago/Documents/Unreal Projects/SimonOfTheDead/Content/Particles/P_Stone_Shatter.uasset" 118
"C:/Users/drago/Documents/Unreal Projects/SimonOfTheDead/Content/PlaceholderTextures/DummySpriteTexture.uasset" 119
"C:/Users/drago/Documents/Unreal Projects/SimonOfTheDead/Content/Textures/Buttons.uasset" 120
"C:/Users/drago/Documents/Unreal Projects/SimonOfTheDead/Content/Textures/Button_01.uasset" 121
"C:/Users/drago/Documents/Unreal Projects/SimonOfTheDead/Content/Textures/Button_A1.uasset" 122
"C:/Users/drago/Documents/Unreal Projects/SimonOfTheDead/Content/Textures/Button_A1_Sprite.uasset" 123
"C:/Users/drago/Documents/Unreal Projects/SimonOfTheDead/Content/Textures/Button_A2.uasset" 124
"C:/Users/drago/Documents/Unreal Projects/SimonOfTheDead/Content/Textures/Button_A2_Sprite.uasset" 125
"C:/Users/drago/Documents/Unreal Projects/SimonOfTheDead/Content/Textures/Button_A3.uasset" 126
"C:/Users/drago/Documents/Unreal Projects/SimonOfTheDead/Content/Textures/Button_A3_Sprite.uasset" 127
"C:/Users/drago/Documents/Unreal Projects/SimonOfTheDead/Content/Textures/Button_A4.uasset" 128
"C:/Users/drago/Documents/Unreal Projects/SimonOfTheDead/Content/Textures/Button_A4_Sprite.uasset" 129
"C:/Users/drago/Documents/Unreal Projects/SimonOfTheDead/Content/Textures/TombZombies_zps8f8e5982.uasset" 130
"C:/Users/drago/Documents/Unreal Projects/SimonOfTheDead/Content/Textures/TombZombies_zps8f8e5982_Sprite_0.uasset" 131
"C:/Users/drago/Documents/Unreal Projects/SimonOfTheDead/Content/Textures/TombZombies_zps8f8e5982_Sprite_1.uasset" 132
"C:/Users/drago/Documents/Unreal Projects/SimonOfTheDead/Content/Textures/TombZombies_zps8f8e5982_Sprite_2.uasset" 133
"C:/Users/drago/Documents/Unreal Projects/SimonOfTheDead/Content/Textures/FB_Zombie01.uasset" 134
"C:/Users/drago/Documents/Unreal Projects/SimonOfTheDead/Content/Textures/TombZombies_zps8f8e5982_Sprite_3.uasset" 135
"C:/Users/drago/Documents/Unreal Projects/SimonOfTheDead/Content/Textures/TombZombies_zps8f8e5982_Sprite_4.uasset" 136
"C:/Users/drago/Documents/Unreal Projects/SimonOfTheDead/Content/Textures/TombZombies_zps8f8e5982_Sprite_5.uasset" 137
"C:/Users/drago/Documents/Unreal Projects/SimonOfTheDead/Content/Textures/FB_Zombie02.uasset" 138
"C:/Users/drago/Documents/Unreal Projects/SimonOfTheDead/Content/Textures/TombZombies_zps8f8e5982_Sprite_6.uasset" 139
"C:/Users/drago/Documents/Unreal Projects/SimonOfTheDead/Content/Textures/TombZombies_zps8f8e5982_Sprite_7.uasset" 140
"C:/Users/drago/Documents/Unreal Projects/SimonOfTheDead/Content/Textures/TombZombies_zps8f8e5982_Sprite_8.uasset" 141
"C:/Users/drago/Documents/Unreal Projects/SimonOfTheDead/Content/Textures/FB_Zombie03.uasset" 142
"C:/Users/drago/Documents/Unreal Projects/SimonOfTheDead/Content/Textures/TombZombies_zps8f8e5982_Sprite_10.uasset" 143
"C:/Users/drago/Documents/Unreal Projects/SimonOfTheDead/Content/Textures/TombZombies_zps8f8e5982_Sprite_11.uasset" 144
"C:/Users/drago/Documents/Unreal Projects/SimonOfTheDead/Content/Textures/TombZombies_zps8f8e5982_Sprite_9.uasset" 145
"C:/Users/drago/Documents/Unreal Projects/SimonOfTheDead/Content/Textures/FB_Zombie04.uasset" 146
"C:/Users/drago/Documents/Unreal Projects/SimonOfTheDead/Content/Textures/TombZombies_zps8f8e5982_Sprite_57.uasset" 147
"C:/Users/drago/Documents/Unreal Projects/SimonOfTheDead/Content/Textures/TombZombies_zps8f8e5982_Sprite_58.uasset" 148
"C:/Users/drago/Documents/Unreal Projects/SimonOfTheDead/Content/Textures/TombZombies_zps8f8e5982_Sprite_59.uasset" 149
"C:/Users/drago/Documents/Unreal Projects/SimonOfTheDead/Content/Textures/FB_Zombie05.uasset" 150
"C:/Users/drago/Documents/Unreal Projects/SimonOfTheDead/Content/Textures/LayoutPlan.uasset" 151
"C:/Users/drago/Documents/Unreal Projects/SimonOfTheDead/Content/Textures/Projectile.uasset" 152
"C:/Users/drago/Documents/Unreal Projects/SimonOfTheDead/Content/Textures/Projectile_Sprite.uasset" 153
"C:/Users/drago/Documents/Unreal Projects/SimonOfTheDead/Content/Textures/TombZombies_zps8f8e5982_TileSet.uasset" 154
"C:/Users/drago/Documents/Unreal Projects/SimonOfTheDead/Content/Textures/GUI/BTN_BLUE_CIRCLE_OUT.uasset" 155
"C:/Users/drago/Documents/Unreal Projects/SimonOfTheDead/Content/Textures/GUI/ButtonGreenCircle.uasset" 156
"C:/Users/drago/Documents/Unreal Projects/SimonOfTheDead/Content/Textures/GUI/ButtonRedCircle.uasset" 157
"C:/Users/drago/Documents/Unreal Projects/SimonOfTheDead/Content/Textures/GUI/MenuBackgroundTexture.uasset" 158
"C:/Users/drago/Documents/Unreal Projects/SimonOfTheDead/Content/Textures/GUI/SymbolCheck.uasset" 159
"C:/Users/drago/Documents/Unreal Projects/SimonOfTheDead/Content/Textures/GUI/SymbolLargeX.uasset" 160
"C:/Users/drago/Documents/Unreal Projects/SimonOfTheDead/Content/Textures/GUI/SymbolRestart.uasset" 161
"C:/Users/drago/Documents/Unreal Projects/SimonOfTheDead/Content/Textures/GUI/UILock.uasset" 162
"C:/Users/drago/Documents/Unreal Projects/SimonOfTheDead/Content/Textures/GUI/UILockOpen.uasset" 163
"C:/Users/drago/Documents/Unreal Projects/SimonOfTheDead/Content/Textures/GUI/Test/SymbolAchievements.uasset" 164
"C:/Users/drago/Documents/Unreal Projects/SimonOfTheDead/Content/Textures/GUI/Test/SymbolDocumentation.uasset" 165
"C:/Users/drago/Documents/Unreal Projects/SimonOfTheDead/Content/Textures/GUI/Test/SymbolMenu.uasset" 166
"C:/Users/drago/Documents/Unreal Projects/SimonOfTheDead/Content/Textures/GUI/Test/SymbolRateUs.uasset" 167
"C:/Users/drago/Documents/Unreal Projects/SimonOfTheDead/Content/Textures/GUI/Test/Symbol_Locked.uasset" 168
"C:/Users/drago/Documents/Unreal Projects/SimonOfTheDead/Content/Textures/Monsters/TombZombies_zps8f8e5982_Sprite_10.uasset" 169
"C:/Users/drago/Documents/Unreal Projects/SimonOfTheDead/Content/Textures/Monsters/TombZombies_zps8f8e5982_Sprite_11.uasset" 170
"C:/Users/drago/Documents/Unreal Projects/SimonOfTheDead/Content/Textures/Monsters/TombZombies_zps8f8e5982_Sprite_9.uasset" 171
"C:/Users/drago/Documents/Unreal Projects/SimonOfTheDead/Content/Textures/Monsters/FB_Zombie04.uasset" 172
"C:/Users/drago/Documents/Unreal Projects/SimonOfTheDead/Content/Textures/Monsters/TombZombies_zps8f8e5982_Sprite_57.uasset" 173
"C:/Users/drago/Documents/Unreal Projects/SimonOfTheDead/Content/Textures/Monsters/TombZombies_zps8f8e5982_Sprite_58.uasset" 174
"C:/Users/drago/Documents/Unreal Projects/SimonOfTheDead/Content/Textures/Monsters/TombZombies_zps8f8e5982_Sprite_59.uasset" 175
"C:/Users/drago/Documents/Unreal Projects/SimonOfTheDead/Content/Textures/Monsters/FB_Zombie05.uasset" 176
"C:/Users/drago/Documents/Unreal Projects/SimonOfTheDead/Content/Textures/Monsters/TombZombies_zps8f8e5982_TileSet.uasset" 177
"C:/Users/drago/Documents/Unreal Projects/SimonOfTheDead/Content/Textures/UI/Buttons.uasset" 178
"C:/Users/drago/Documents/Unreal Projects/SimonOfTheDead/Content/Textures/UI/Button_01.uasset" 179
"C:/Users/drago/Documents/Unreal Projects/SimonOfTheDead/Content/Textures/UI/textures-pixel-heart-1_600x.uasset" 180
"C:/Users/drago/Documents/Unreal Projects/SimonOfTheDead/Content/Textures/UI/textures-pixel-heart-1_600x_Sprite.uasset" 181
"../../../Engine/Content/Functions/Engine_MaterialFunctions01/Gradient/SphereGradient-2D.uasset" 182
"../../../Engine/Content/Functions/Engine_MaterialFunctions01/Texturing/ComputeMipLevel.uasset" 183
"../../../Engine/Content/EngineMaterials/DefaultDiffuse.uasset" 184
"../../../Engine/Content/Functions/Engine_MaterialFunctions01/Texturing/TextureCropping.uasset" 185
"../../../Engine/Content/Functions/Engine_MaterialFunctions02/ExampleContent/Gradient.uasset" 186
"../../../Engine/Content/Functions/Engine_MaterialFunctions02/ExampleContent/Greyscale.uasset" 187
"../../../Engine/Content/Functions/Engine_MaterialFunctions02/Gradients/GradientMap_Multi.uasset" 188
"../../../Engine/Content/Functions/Engine_MaterialFunctions02/Math/TimeWithSpeedVariable.uasset" 189
"../../../Engine/Content/Functions/Engine_MaterialFunctions02/PassThrough.uasset" 190
"../../../Engine/Content/Functions/Engine_MaterialFunctions02/SafeNormalize.uasset" 191
"../../../Engine/Content/Functions/Engine_MaterialFunctions02/Utility/BreakOutFloat3Components.uasset" 192
"../../../Engine/Content/Functions/Engine_MaterialFunctions02/ExampleContent/DebugNumberStrip.uasset" 193
"../../../Engine/Content/Functions/Engine_MaterialFunctions02/ExampleContent/Textures/DebugNumberPeriod.uasset" 194
"../../../Engine/Content/Functions/Engine_MaterialFunctions02/Utility/DebugScalarValues.uasset" 195
"../../../Engine/Content/Functions/Engine_MaterialFunctions02/Utility/DebugFloat3Values.uasset" 196
"../../../Engine/Content/Functions/Engine_MaterialFunctions02/Utility/DebugFloat4Values.uasset" 197
"../../../Engine/Content/Functions/Engine_MaterialFunctions02/Utility/MakeFloat3.uasset" 198
"../../../Engine/Content/Functions/Engine_MaterialFunctions02/Normals/UnpackNormalFromFloat.uasset" 199
"../../../Engine/Content/Functions/Engine_MaterialFunctions02/ExampleContent/TextureBasedWPO/DemoBox.uasset" 200
"../../../Engine/Content/Functions/Engine_MaterialFunctions02/ExampleContent/TextureBasedWPO/DemoBox_Normals.uasset" 201
"../../../Engine/Content/Functions/Engine_MaterialFunctions02/MAXScripts/MS_VertexAnimationTools_MorphTargets.uasset" 202
"../../../Engine/Content/Functions/Engine_MaterialFunctions02/Texturing/ScreenAlignedPixelToPixelUVs.uasset" 203
"../../../Engine/Content/EngineMaterials/Good64x64TilingNoiseHighFreq.uasset" 204
"../../../Engine/Content/Functions/Engine_MaterialFunctions02/Utility/DitherTemporalAA.uasset" 205
"../../../Engine/Content/Functions/Engine_MaterialFunctions02/Utility/Sine_Remapped.uasset" 206
"C:/Users/drago/Documents/Unreal Projects/SimonOfTheDead/Content/VFX_Toolkit_V1/Mat_Functions/Luos_EasyRotate.uasset" 207
"C:/Users/drago/Documents/Unreal Projects/SimonOfTheDead/Content/VFX_Toolkit_V1/Mat_Functions/Luos_Mask_Distorter.uasset" 208
"C:/Users/drago/Documents/Unreal Projects/SimonOfTheDead/Content/VFX_Toolkit_V1/Mat_Functions/Luos_TimeSine.uasset" 209
"C:/Users/drago/Documents/Unreal Projects/SimonOfTheDead/Content/VFX_Toolkit_V1/Textures/Gradients/T_ColorIndex.uasset" 210
"C:/Users/drago/Documents/Unreal Projects/SimonOfTheDead/Content/VFX_Toolkit_V1/Textures/MergedNoise/T_BubblePop_01.uasset" 211
"C:/Users/drago/Documents/Unreal Projects/SimonOfTheDead/Content/VFX_Toolkit_V1/Textures/NoiseNormals/T_NoiseNormal_14.uasset" 212
"C:/Users/drago/Documents/Unreal Projects/SimonOfTheDead/Content/VFX_Toolkit_V1/Textures/VertAnim/VA_Bubblepop_01.uasset" 213
"C:/Users/drago/Documents/Unreal Projects/SimonOfTheDead/Content/VFX_Toolkit_V1/Textures/VertAnim/VA_Bubblepop_01_Normals.uasset" 214
"C:/Users/drago/Documents/Unreal Projects/SimonOfTheDead/Content/VFX_Toolkit_V1/Materials/356Days/M_BubbleBall_01.uasset" 215
"C:/Users/drago/Documents/Unreal Projects/SimonOfTheDead/Content/VFX_Toolkit_V1/Textures/Gradients/T_4E_Light_Rainbow_01.uasset" 216
"C:/Users/drago/Documents/Unreal Projects/SimonOfTheDead/Content/VFX_Toolkit_V1/Textures/NoiseNormals/T_NoiseNormal_21.uasset" 217
"C:/Users/drago/Documents/Unreal Projects/SimonOfTheDead/Content/VFX_Toolkit_V1/Materials/356Days/M_BubblePool_01.uasset" 218
"C:/Users/drago/Documents/Unreal Projects/SimonOfTheDead/Content/VFX_Toolkit_V1/Materials/356Days/M_invisible.uasset" 219
"../../../Engine/Content/Functions/Engine_MaterialFunctions01/Texturing/ScaleUVsByCenter.uasset" 220
"../../../Engine/Content/Functions/Engine_MaterialFunctions02/HueShift.uasset" 221
"C:/Users/drago/Documents/Unreal Projects/SimonOfTheDead/Content/VFX_Toolkit_V1/Textures/MergedNoise/T_BubblePop_02.uasset" 222
"C:/Users/drago/Documents/Unreal Projects/SimonOfTheDead/Content/VFX_Toolkit_V1/Textures/NoiseNormals/T_NoiseNormal_3.uasset" 223
"C:/Users/drago/Documents/Unreal Projects/SimonOfTheDead/Content/VFX_Toolkit_V1/Materials/356Days/M_bubbleBeam_01.uasset" 224
"C:/Users/drago/Documents/Unreal Projects/SimonOfTheDead/Content/VFX_Toolkit_V1/MatInstances/356Days/MI_bubbleBeam_01.uasset" 225
"C:/Users/drago/Documents/Unreal Projects/SimonOfTheDead/Content/VFX_Toolkit_V1/ParticleSystems/356Days/Par_BubblePop_01.uasset" 226
"C:/Users/drago/Documents/Unreal Projects/SimonOfTheDead/Content/VFX_Toolkit_V1/Textures/Sprites/FX_RadialStreaks2.uasset" 227
"C:/Users/drago/Documents/Unreal Projects/SimonOfTheDead/Content/VFX_Toolkit_V1/Materials/Generic/M_FX_Flare_01.uasset" 228
"C:/Users/drago/Documents/Unreal Projects/SimonOfTheDead/Content/VFX_Toolkit_V1/Textures/Gradients/T_LaserBeam_Gradient.uasset" 229
"C:/Users/drago/Documents/Unreal Projects/SimonOfTheDead/Content/VFX_Toolkit_V1/Materials/Generic/M_FX_Trails_01.uasset" 230
"C:/Users/drago/Documents/Unreal Projects/SimonOfTheDead/Content/VFX_Toolkit_V1/ParticleSystems/356Days/Par_MissileTrails.uasset" 231
"../../../Engine/Content/Functions/Engine_MaterialFunctions01/Opacity/CameraDepthFade.uasset" 232
"../../../Engine/Content/EngineMaterials/T_Default_Material_Grid_M.uasset" 233
"../../../Engine/Content/EngineMaterials/T_Default_Material_Grid_N.uasset" 234
"../../../Engine/Content/EngineMaterials/WorldGridMaterial.uasset" 235
"C:/Users/drago/Documents/Unreal Projects/SimonOfTheDead/Content/VFX_Toolkit_V1/StaticMeshes/Rings/SM_BubblePool_01.uasset" 236
"C:/Users/drago/Documents/Unreal Projects/SimonOfTheDead/Content/VFX_Toolkit_V1/StaticMeshes/Spheres/SM_BubblePop_01.uasset" 237
"../../../Engine/Content/ArtTools/RenderToTexture/Meshes/S_1_Unit_Plane.uasset" 238
"../../../Engine/Content/EngineMaterials/DefaultMaterial.uasset" 239
"../../../Engine/Content/BasicShapes/Cone.uasset" 240
"../../../Engine/Content/BasicShapes/Cube.uasset" 241
"../../../Engine/Content/BasicShapes/Cylinder.uasset" 242
"../../../Engine/Content/BasicShapes/Sphere.uasset" 243
"../../../Engine/Content/EngineDamageTypes/DmgTypeBP_Environmental.uasset" 244
"../../../Engine/Content/EngineDebugMaterials/HeatmapGradient.uasset" 245
"../../../Engine/Content/EngineDebugMaterials/BoneWeightMaterial.uasset" 246
"../../../Engine/Content/EngineDebugMaterials/ClothMaterial.uasset" 247
"../../../Engine/Content/EngineDebugMaterials/ClothMaterial_WF.uasset" 248
"../../../Engine/Content/EngineDebugMaterials/DebugEditorMaterial.uasset" 249
"../../../Engine/Content/EngineDebugMaterials/DebugMeshMaterial.uasset" 250
"../../../Engine/Content/EngineDebugMaterials/GeomMaterial.uasset" 251
"../../../Engine/Content/EngineDebugMaterials/M_SimpleTranslucent.uasset" 252
"../../../Engine/Content/EngineFonts/Faces/RobotoBold.uasset" 253
"../../../Engine/Content/EngineFonts/Faces/RobotoBoldItalic.uasset" 254
"../../../Engine/Content/EngineFonts/Faces/RobotoItalic.uasset" 255
"../../../Engine/Content/EngineFonts/Faces/RobotoLight.uasset" 256
"../../../Engine/Content/EngineFonts/Faces/RobotoRegular.uasset" 257
"../../../Engine/Content/EngineFonts/Roboto.uasset" 258
"../../../Engine/Content/EngineFonts/Faces/RobotoTiny.uasset" 259
"../../../Engine/Content/EngineFonts/RobotoTiny.uasset" 260
"../../../Engine/Content/EngineMaterials/BaseFlattenDiffuseMap.uasset" 261
"../../../Engine/Content/EngineMaterials/BaseFlattenEmissiveMap.uasset" 262
"../../../Engine/Content/EngineMaterials/BaseFlattenGrayscaleMap.uasset" 263
"../../../Engine/Content/EngineMaterials/BaseFlattenNormalMap.uasset" 264
"../../../Engine/Content/EngineMaterials/BaseFlattenMaterial.uasset" 265
"../../../Engine/Content/EngineMaterials/DefaultBloomKernel.uasset" 266
"../../../Engine/Content/EngineMaterials/DefaultBokeh.uasset" 267
"../../../Engine/Content/EngineMaterials/DefaultDeferredDecalMaterial.uasset" 268
"../../../Engine/Content/EngineMaterials/DefaultLightFunctionMaterial.uasset" 269
"../../../Engine/Content/EngineMaterials/DefaultPhysicalMaterial.uasset" 270
"../../../Engine/Content/EngineMaterials/DefaultPostProcessMaterial.uasset" 271
"../../../Engine/Content/EngineFonts/RobotoDistanceField.uasset" 272
"../../../Engine/Content/EngineMaterials/DefaultTextMaterialOpaque.uasset" 273
"../../../Engine/Content/EngineMaterials/DefaultWhiteGrid.uasset" 274
"../../../Engine/Content/EngineMaterials/EditorBrushMaterial.uasset" 275
"../../../Engine/Content/EngineMaterials/MiniFont.uasset" 276
"../../../Engine/Content/EngineMaterials/InvalidLightmapSettings.uasset" 277
"../../../Engine/Content/EngineMaterials/M_InvalidLightmapSettings.uasset" 278
"../../../Engine/Content/Functions/Engine_MaterialFunctions02/WorldPositionOffset/CameraOffset.uasset" 279
"../../../Engine/Content/EngineMaterials/PhAT_JointLimitMaterial.uasset" 280
"../../../Engine/Content/EngineMaterials/PreintegratedSkinBRDF.uasset" 281
"../../../Engine/Content/EngineMaterials/RemoveSurfaceMaterial.uasset" 282
"../../../Engine/Content/EngineMaterials/WeightMapPlaceholderTexture.uasset" 283
"../../../Engine/Content/EngineResources/WhiteSquareTexture.uasset" 284
"../../../Engine/Content/EngineMaterials/Widget3DPassThrough.uasset" 285
"../../../Engine/Content/EngineMaterials/Widget3DPassThrough_Masked.uasset" 286
"../../../Engine/Content/EngineMaterials/Widget3DPassThrough_Opaque.uasset" 287
"../../../Engine/Content/EngineMaterials/Widget3DPassThrough_Masked_OneSided.uasset" 288
"../../../Engine/Content/EngineMaterials/Widget3DPassThrough_Opaque_OneSided.uasset" 289
"../../../Engine/Content/EngineMaterials/Widget3DPassThrough_Translucent.uasset" 290
"../../../Engine/Content/EngineMaterials/Widget3DPassThrough_Translucent_OneSided.uasset" 291
"../../../Engine/Content/EngineMeshes/Cylinder.uasset" 292
"../../../Engine/Content/EngineMeshes/Sphere.uasset" 293
"../../../Engine/Content/EngineResources/Black.uasset" 294
"../../../Engine/Content/EngineResources/DefaultTexture.uasset" 295
"../../../Engine/Content/EngineResources/DefaultTextureCube.uasset" 296
"../../../Engine/Content/EngineResources/DefaultVolumeTexture2D.uasset" 297
"../../../Engine/Content/EngineResources/DefaultVolumeTexture.uasset" 298
"../../../Engine/Content/EngineResources/GradientTexture0.uasset" 299
"../../../Engine/Content/EngineSounds/Master.uasset" 300
"../../../Engine/Content/Functions/Engine_MaterialFunctions01/Shading/ConvertFromDiffSpec.uasset" 301
"../../../Engine/Content/Functions/Engine_MaterialFunctions01/Shading/PowerToRoughness.uasset" 302
"../../../Engine/Content/Maps/Templates/Thumbnails/Default.uasset" 303
"../../../Engine/Content/Maps/Templates/Thumbnails/VR-Basic.uasset" 304
"../../../Engine/Content/MobileResources/T_MobileControls_texture.uasset" 305
"../../../Engine/Content/MobileResources/T_MobileMenu2.uasset" 306
"../../../Engine/Content/MobileResources/HUD/AnalogHat.uasset" 307
"../../../Engine/Content/MobileResources/HUD/VirtualJoystick_Background.uasset" 308
"../../../Engine/Content/MobileResources/HUD/VirtualJoystick_Thumb.uasset" 309
"../../../Engine/Content/MobileResources/HUD/DefaultVirtualJoysticks.uasset" 310
"../../../Engine/Content/MobileResources/HUD/LeftVirtualJoystickOnly.uasset" 311
"../../../Engine/Content/MobileResources/HUD/MobileHUDButton1_off.uasset" 312
"../../../Engine/Content/MobileResources/HUD/MobileHUDButton1_on.uasset" 313
"../../../Engine/Content/MobileResources/HUD/MobileHUDButton2_off.uasset" 314
"../../../Engine/Content/MobileResources/HUD/MobileHUDButton2_on.uasset" 315
"../../../Engine/Content/MobileResources/HUD/MobileHUDButton3.uasset" 316
"../../../Engine/Content/MobileResources/HUD/MobileHUDButtonFire.uasset" 317
"../../../Engine/Content/MobileResources/HUD/MobileHUDDirectionPad.uasset" 318
"../../../Engine/Content/MobileResources/HUD/MobileHUDDirectionPad2.uasset" 319
"../../../Engine/Content/MobileResources/HUD/MobileHUDDirectionPad3.uasset" 320
"../../../Engine/Content/MobileResources/HUD/MobileHUDDirectionStick.uasset" 321
"../../../Engine/Content/MobileResources/HUD/T_Castle_ThumbstickInner.uasset" 322
"../../../Engine/Content/MobileResources/HUD/T_Castle_ThumbstickOutter.uasset" 323
"../../../Engine/Content/Tutorial/ContentIntroCurve.uasset" 324
"../../../Engine/Content/Tutorial/Basics/TutorialAssets/icon_tab_Levels_40x.uasset" 325
"../../Plugins/2D/Paper2D/Content/DummySprite.uasset" 326
"../../Plugins/2D/Paper2D/Content/DefaultPaperTerrainMaterial.uasset" 327
"../../Plugins/2D/Paper2D/Content/MaskedUnlitSpriteMaterial.uasset" 328
"../../Plugins/2D/Paper2D/Content/OpaqueUnlitSpriteMaterial.uasset" 329
"C:/Users/drago/Documents/Unreal Projects/SimonOfTheDead/Content/Blueprints/Widgets/BPW_Credits.uasset" 330
"C:/Users/drago/Documents/Unreal Projects/SimonOfTheDead/Content/Blueprints/Widgets/BPW_Leaderboard.uasset" 331
"C:/Users/drago/Documents/Unreal Projects/SimonOfTheDead/Content/Textures/Background_A_day.uasset" 332
"C:/Users/drago/Documents/Unreal Projects/SimonOfTheDead/Content/Textures/GUI/Test/SymbolCredits.uasset" 333
"C:/Users/drago/Documents/Unreal Projects/SimonOfTheDead/Content/Textures/GUI/Test/SymbolLeaderboards.uasset" 334
"C:/Users/drago/Documents/Unreal Projects/SimonOfTheDead/Content/Blueprints/Widgets/BPW_MainMenu.uasset" 335
"C:/Users/drago/Documents/Unreal Projects/SimonOfTheDead/Content/Levels/MainMenu.umap" 336
"C:/Users/drago/Documents/Unreal Projects/SimonOfTheDead/Content/Blueprints/BP_SequenceController.uasset" 337
"C:/Users/drago/Documents/Unreal Projects/SimonOfTheDead/Content/Blueprints/BP_SequenceHUD.uasset" 338
"C:/Users/drago/Documents/Unreal Projects/SimonOfTheDead/Content/Blueprints/BP_SequencePawn.uasset" 339
"C:/Users/drago/Documents/Unreal Projects/SimonOfTheDead/Content/Blueprints/BP_SequenceGameMode.uasset" 340
"C:/Users/drago/Documents/Unreal Projects/SimonOfTheDead/Content/Blueprints/Logic/BP_SwitcherBox.uasset" 341
"C:/Users/drago/Documents/Unreal Projects/SimonOfTheDead/Content/Levels/TestMap_01_BuiltData.uasset" 342
"C:/Users/drago/Documents/Unreal Projects/SimonOfTheDead/Content/Textures/Game_BG.uasset" 343
"C:/Users/drago/Documents/Unreal Projects/SimonOfTheDead/Content/Materials/MAT_BG.uasset" 344
"../../../Engine/Content/BasicShapes/Plane.uasset" 345
"C:/Users/drago/Documents/Unreal Projects/SimonOfTheDead/Content/Levels/TestMap_01.umap" 346
"../../../Engine/Content/Maps/Entry_BuiltData.uasset" 347
"../../../Engine/Content/Maps/Entry.umap" 348
