Log file open, 11/30/18 10:17:28
LogWindows: Failed to load 'aqProf.dll' (GetLastError=126)
LogWindows: File 'aqProf.dll' does not exist
LogWindows: Failed to load 'VSPerf140.dll' (GetLastError=126)
LogWindows: File 'VSPerf140.dll' does not exist
LogWindows: Failed to load 'VtuneApi.dll' (GetLastError=126)
LogWindows: File 'VtuneApi.dll' does not exist
LogWindows: Failed to load 'VtuneApi32e.dll' (GetLastError=126)
LogWindows: File 'VtuneApi32e.dll' does not exist
LogInit: Display: Running engine for game: SimonOfTheDead
LogPlatformFile: Not using cached read wrapper
LogTaskGraph: Started task graph with 5 named threads and 23 total threads with 3 sets of task threads.
LogStats: Stats thread started at 0.837764
LogD3D11RHI: Loaded GFSDK_Aftermath_Lib.x64.dll
LogICUInternationalization: Display: ICU TimeZone Detection - Raw Offset: +10:00, Platform Override: ''
LogPluginManager: Mounting plugin Paper2D
LogPluginManager: Mounting plugin AISupport
LogPluginManager: Mounting plugin LightPropagationVolume
LogPluginManager: Mounting plugin CLionSourceCodeAccess
LogPluginManager: Mounting plugin CodeLiteSourceCodeAccess
LogPluginManager: Mounting plugin GitSourceControl
LogPluginManager: Mounting plugin KDevelopSourceCodeAccess
LogPluginManager: Mounting plugin NullSourceCodeAccess
LogPluginManager: Mounting plugin PerforceSourceControl
LogPluginManager: Mounting plugin SubversionSourceControl
LogPluginManager: Mounting plugin UObjectPlugin
LogPluginManager: Mounting plugin VisualStudioCodeSourceCodeAccess
LogPluginManager: Mounting plugin VisualStudioSourceCodeAccess
LogPluginManager: Mounting plugin XCodeSourceCodeAccess
LogPluginManager: Mounting plugin AssetManagerEditor
LogPluginManager: Mounting plugin CryptoKeys
LogPluginManager: Mounting plugin DataValidation
LogPluginManager: Mounting plugin FacialAnimation
LogPluginManager: Mounting plugin GameplayTagsEditor
LogPluginManager: Mounting plugin MacGraphicsSwitching
LogPluginManager: Mounting plugin MeshEditor
LogPluginManager: Mounting plugin MobileLauncherProfileWizard
LogPluginManager: Mounting plugin PluginBrowser
LogPluginManager: Mounting plugin SpeedTreeImporter
LogPluginManager: Mounting plugin DatasmithContent
LogPluginManager: Mounting plugin AlembicImporter
LogPluginManager: Mounting plugin AppleImageUtils
LogPluginManager: Mounting plugin AppleVision
LogPluginManager: Mounting plugin BackChannel
LogPluginManager: Mounting plugin CharacterAI
LogPluginManager: Mounting plugin GeometryCache
LogPluginManager: Mounting plugin HTML5Networking
LogPluginManager: Mounting plugin ProxyLODPlugin
LogPluginManager: Mounting plugin AndroidMedia
LogPluginManager: Mounting plugin AvfMedia
LogPluginManager: Mounting plugin ImgMedia
LogPluginManager: Mounting plugin LinearTimecode
LogPluginManager: Mounting plugin MediaCompositing
LogPluginManager: Mounting plugin MediaPlayerEditor
LogPluginManager: Mounting plugin WmfMedia
LogPluginManager: Mounting plugin TcpMessaging
LogPluginManager: Mounting plugin UdpMessaging
LogPluginManager: Mounting plugin ActorSequence
LogPluginManager: Mounting plugin LevelSequenceEditor
LogPluginManager: Mounting plugin MatineeToLevelSequence
LogPluginManager: Mounting plugin NetcodeUnitTest
LogPluginManager: Mounting plugin NUTUnrealEngine4
LogPluginManager: Mounting plugin OnlineSubsystemGooglePlay
LogPluginManager: Mounting plugin OnlineSubsystemIOS
LogPluginManager: Mounting plugin OnlineSubsystem
LogPluginManager: Mounting plugin OnlineSubsystemNull
LogPluginManager: Mounting plugin OnlineSubsystemUtils
LogPluginManager: Mounting plugin LauncherChunkInstaller
LogPluginManager: Mounting plugin AndroidDeviceProfileSelector
LogPluginManager: Mounting plugin AndroidMoviePlayer
LogPluginManager: Mounting plugin AndroidPermission
LogPluginManager: Mounting plugin AppleMoviePlayer
LogPluginManager: Mounting plugin ArchVisCharacter
LogPluginManager: Mounting plugin AudioCapture
LogPluginManager: Mounting plugin CableComponent
LogPluginManager: Mounting plugin CustomMeshComponent
LogPluginManager: Mounting plugin EditableMesh
LogPluginManager: Mounting plugin ExampleDeviceProfileSelector
LogPluginManager: Mounting plugin GoogleCloudMessaging
LogPluginManager: Mounting plugin ImmediatePhysics
LogPluginManager: Mounting plugin IOSDeviceProfileSelector
LogPluginManager: Mounting plugin LinuxDeviceProfileSelector
LogPluginManager: Mounting plugin LocationServicesBPLibrary
LogPluginManager: Mounting plugin MobilePatchingUtils
LogPluginManager: Mounting plugin PhysXVehicles
LogPluginManager: Mounting plugin ProceduralMeshComponent
LogPluginManager: Mounting plugin RuntimePhysXCooking
LogPluginManager: Mounting plugin WindowsMoviePlayer
LogStreaming: Display: Took  0.084s to configure plugins.
LogInit: Using libcurl 7.55.1-DEV
LogInit:  - built for x86_64-pc-win32
LogInit:  - supports SSL with OpenSSL/1.0.2h
LogInit:  - supports HTTP deflate (compression) using libz 1.2.8
LogInit:  - other features:
LogInit:      CURL_VERSION_SSL
LogInit:      CURL_VERSION_LIBZ
LogInit:      CURL_VERSION_IPV6
LogInit:      CURL_VERSION_ASYNCHDNS
LogInit:      CURL_VERSION_LARGEFILE
LogInit:      CURL_VERSION_IDN
LogInit:  CurlRequestOptions (configurable via config and command line):
LogInit:  - bVerifyPeer = false  - Libcurl will NOT verify peer certificate
LogInit:  - bUseHttpProxy = false  - Libcurl will NOT use HTTP proxy
LogInit:  - bDontReuseConnections = false  - Libcurl will reuse connections
LogInit:  - CertBundlePath = nullptr  - Libcurl will use whatever was configured at build time.
LogInit:  - MaxHostConnections = 16  - Libcurl will limit the number of connections to a host
LogInit:  - LocalHostAddr = Default
LogInit:  - BufferSize = 65536
LogInit: WinSock: version 1.1 (2.2), MaxSocks=32767, MaxUdp=65467
LogInit: Build: ++UE4+Release-4.20-CL-4369336
LogInit: Engine Version: 4.20.3-4369336+++UE4+Release-4.20
LogInit: Compatible Engine Version: 4.20.0-4212847+++UE4+Release-4.20
LogInit: Net CL: 4212847
LogInit: OS: Windows 10 (), CPU: Intel(R) Core(TM) i7-6700 CPU @ 3.40GHz, GPU: NVIDIA GeForce GTX 980
LogInit: Compiled (64-bit): Sep 17 2018 12:26:19
LogInit: Compiled with Visual C++: 19.13.26129.00
LogInit: Build Configuration: Development
LogInit: Branch Name: ++UE4+Release-4.20
LogInit: Command Line:  
LogInit: Base Directory: C:/UE_4.20/Engine/Binaries/Win64/
LogInit: Installed Engine Build: 1
LogDevObjectVersion: Number of dev versions registered: 20
LogDevObjectVersion:   Dev-Blueprints (B0D832E4-1F89-4F0D-ACCF-7EB736FD4AA2): 10
LogDevObjectVersion:   Dev-Build (E1C64328-A22C-4D53-A36C-8E866417BD8C): 0
LogDevObjectVersion:   Dev-Core (375EC13C-06E4-48FB-B500-84F0262A717E): 2
LogDevObjectVersion:   Dev-Editor (E4B068ED-F494-42E9-A231-DA0B2E46BB41): 24
LogDevObjectVersion:   Dev-Framework (CFFC743F-43B0-4480-9391-14DF171D2073): 34
LogDevObjectVersion:   Dev-Mobile (B02B49B5-BB20-44E9-A304-32B752E40360): 2
LogDevObjectVersion:   Dev-Networking (A4E4105C-59A1-49B5-A7C5-40C4547EDFEE): 0
LogDevObjectVersion:   Dev-Online (39C831C9-5AE6-47DC-9A44-9C173E1C8E7C): 0
LogDevObjectVersion:   Dev-Physics (78F01B33-EBEA-4F98-B9B4-84EACCB95AA2): 0
LogDevObjectVersion:   Dev-Platform (6631380F-2D4D-43E0-8009-CF276956A95A): 0
LogDevObjectVersion:   Dev-Rendering (12F88B9F-8875-4AFC-A67C-D90C383ABD29): 26
LogDevObjectVersion:   Dev-Sequencer (7B5AE74C-D270-4C10-A958-57980B212A5A): 9
LogDevObjectVersion:   Dev-VR (D7296918-1DD6-4BDD-9DE2-64A83CC13884): 2
LogDevObjectVersion:   Dev-LoadTimes (C2A15278-BFE7-4AFE-6C17-90FF531DF755): 1
LogDevObjectVersion:   Private-Geometry (6EACA3D4-40EC-4CC1-B786-8BED09428FC5): 3
LogDevObjectVersion:   Dev-AnimPhys (29E575DD-E0A3-4627-9D10-D276232CDCEA): 17
LogDevObjectVersion:   Dev-ReflectionCapture (6B266CEC-1EC7-4B8F-A30B-E4D90942FC07): 1
LogDevObjectVersion:   Dev-Automation (0DF73D61-A23F-47EA-B727-89E90C41499A): 1
LogDevObjectVersion:   FortniteMain (601D1886-AC64-4F84-AA16-D3DE0DEAC7D6): 12
LogDevObjectVersion:   Dev-Enterprise (9DFFBCD6-494F-0158-E221-12823C92A888): 1
LogStreaming: Display: Took  0.005s to delete old logs.
LogInit: Presizing for max 8388607 objects, including 0 objects not considered by GC, pre-allocating 0 bytes for permanent pool.
LogInit: Object subsystem initialized
[2018.11.29-23.17.29:427][  0]LogInit: Selected Device Profile: [Windows]
[2018.11.29-23.17.29:427][  0]LogInit: Applying CVar settings loaded from the selected device profile: [Windows]
[2018.11.29-23.17.29:444][  0]LogHAL: Display: Platform has ~ 32 GB [34270777344 / 34359738368 / 32], which maps to Largest [LargestMinGB=32, LargerMinGB=12, DefaultMinGB=8, SmallerMinGB=6, SmallestMinGB=0)
[2018.11.29-23.17.29:444][  0]LogInit: Setting Device Profile CVar: [[r.Vulkan.UseRealUBs:1]]
[2018.11.29-23.17.29:444][  0]LogInit: Going up to parent DeviceProfile []
[2018.11.29-23.17.29:448][  0]LogInit: Computer: MEL-108-2604
[2018.11.29-23.17.29:448][  0]LogInit: User: hpennycuick
[2018.11.29-23.17.29:448][  0]LogInit: CPU Page size=4096, Cores=4
[2018.11.29-23.17.29:448][  0]LogInit: High frequency timer resolution =3.328125 MHz
[2018.11.29-23.17.29:449][  0]LogMemory: Memory total: Physical=31.9GB (32GB approx)
[2018.11.29-23.17.29:449][  0]LogMemory: Platform Memory Stats for Windows
[2018.11.29-23.17.29:449][  0]LogMemory: Process Physical Memory: 98.57 MB used, 98.57 MB peak
[2018.11.29-23.17.29:449][  0]LogMemory: Process Virtual Memory: 89.11 MB used, 89.11 MB peak
[2018.11.29-23.17.29:449][  0]LogMemory: Physical Memory: 4567.23 MB used,  28115.93 MB free, 32683.16 MB total
[2018.11.29-23.17.29:449][  0]LogMemory: Virtual Memory: 4632.78 MB used,  28115.93 MB free, 134217728.00 MB total
[2018.11.29-23.17.29:638][  0]LogInit: Using OS detected language (en-US).
[2018.11.29-23.17.29:638][  0]LogInit: Using OS detected locale (en-AU).
[2018.11.29-23.17.29:642][  0]LogTextLocalizationManager: No specific localization for 'en-US' exists, so the 'en' localization will be used.
[2018.11.29-23.17.30:063][  0]LogStreaming: Display: Took  0.425s to InitEngineTextLocalization.
[2018.11.29-23.17.30:063][  0]LogInit: Setting process to per monitor DPI aware
[2018.11.29-23.17.30:138][  0]LogSlate: New Slate User Created.  User Index 0, Is Virtual User: 0
[2018.11.29-23.17.30:138][  0]LogSlate: Slate User Registered.  User Index 0, Is Virtual User: 0
[2018.11.29-23.17.32:214][  0]LogD3D11RHI: D3D11 adapters:
[2018.11.29-23.17.32:270][  0]LogD3D11RHI:    0. 'NVIDIA GeForce GTX 980' (Feature Level 11_0)
[2018.11.29-23.17.32:270][  0]LogD3D11RHI:       4053/0/16341 MB DedicatedVideo/DedicatedSystem/SharedSystem, Outputs:1, VendorId:0x10de
[2018.11.29-23.17.32:273][  0]LogD3D11RHI:    1. 'Microsoft Basic Render Driver' (Feature Level 11_0)
[2018.11.29-23.17.32:273][  0]LogD3D11RHI:       0/0/16341 MB DedicatedVideo/DedicatedSystem/SharedSystem, Outputs:0, VendorId:0x1414
[2018.11.29-23.17.32:273][  0]LogD3D11RHI: Chosen D3D11 Adapter: 0
[2018.11.29-23.17.32:278][  0]LogD3D11RHI: Creating new Direct3DDevice
[2018.11.29-23.17.32:278][  0]LogD3D11RHI:     GPU DeviceId: 0x13c0 (for the marketing name, search the web for "GPU Device Id")
[2018.11.29-23.17.32:278][  0]LogWindows: EnumDisplayDevices:
[2018.11.29-23.17.32:279][  0]LogWindows:    0. 'NVIDIA GeForce GTX 980' (P:1 D:1)
[2018.11.29-23.17.32:279][  0]LogWindows:    1. 'NVIDIA GeForce GTX 980' (P:0 D:0)
[2018.11.29-23.17.32:279][  0]LogWindows:    2. 'NVIDIA GeForce GTX 980' (P:0 D:0)
[2018.11.29-23.17.32:279][  0]LogWindows:    3. 'NVIDIA GeForce GTX 980' (P:0 D:0)
[2018.11.29-23.17.32:280][  0]LogWindows: DebugString: FoundDriverCount:4 
[2018.11.29-23.17.32:280][  0]LogD3D11RHI:     Adapter Name: NVIDIA GeForce GTX 980
[2018.11.29-23.17.32:280][  0]LogD3D11RHI:   Driver Version: 398.82 (internal:24.21.13.9882, unified:398.82)
[2018.11.29-23.17.32:280][  0]LogD3D11RHI:      Driver Date: 7-30-2018
[2018.11.29-23.17.32:280][  0]LogRHI: Texture pool is 2837 MB (70% of 4053 MB)
[2018.11.29-23.17.32:315][  0]LogD3D11RHI: Async texture creation enabled
[2018.11.29-23.17.32:335][  0]LogD3D11RHI: GPU Timing Frequency: 1000.000000 (Debug: 2 2)
[2018.11.29-23.17.32:377][  0]LogShaderCompilers: Guid format shader working directory is -2 characters bigger than the processId version (../../../../Users/hpennycuick/Documents/SimonOfTheDead/Intermediate/Shaders/WorkingDirectory/4712/).
[2018.11.29-23.17.32:377][  0]LogShaderCompilers: Cleaned the shader compiler working directory 'C:/Users/hpennycuick/AppData/Local/Temp/UnrealShaderWorkingDir/1497528041B230F8AD44C0999817CAD1/'.
[2018.11.29-23.17.32:903][  0]LogTemp: Display: Loaded TP AllDesktopTargetPlatform
[2018.11.29-23.17.32:917][  0]LogTemp: Display: Loaded TP MacClientTargetPlatform
[2018.11.29-23.17.32:931][  0]LogTemp: Display: Loaded TP MacNoEditorTargetPlatform
[2018.11.29-23.17.32:945][  0]LogTemp: Display: Loaded TP MacServerTargetPlatform
[2018.11.29-23.17.32:964][  0]LogTemp: Display: Loaded TP MacTargetPlatform
[2018.11.29-23.17.32:979][  0]LogTemp: Display: Loaded TP WindowsClientTargetPlatform
[2018.11.29-23.17.32:995][  0]LogTemp: Display: Loaded TP WindowsNoEditorTargetPlatform
[2018.11.29-23.17.33:009][  0]LogTemp: Display: Loaded TP WindowsServerTargetPlatform
[2018.11.29-23.17.33:017][  0]LogTemp: Display: Loaded TP WindowsTargetPlatform
[2018.11.29-23.17.33:109][  0]LogTemp: Display: Loaded TP AndroidTargetPlatform
[2018.11.29-23.17.33:109][  0]LogTemp: Display: Loaded TP AndroidTargetPlatform
[2018.11.29-23.17.33:109][  0]LogTemp: Display: Loaded TP AndroidTargetPlatform
[2018.11.29-23.17.33:109][  0]LogTemp: Display: Loaded TP AndroidTargetPlatform
[2018.11.29-23.17.33:109][  0]LogTemp: Display: Loaded TP AndroidTargetPlatform
[2018.11.29-23.17.33:109][  0]LogTemp: Display: Loaded TP AndroidTargetPlatform
[2018.11.29-23.17.33:109][  0]LogTemp: Display: Loaded TP AndroidTargetPlatform
[2018.11.29-23.17.33:109][  0]LogTemp: Display: Loaded TP AndroidTargetPlatform
[2018.11.29-23.17.33:109][  0]LogTemp: Display: Loaded TP AndroidTargetPlatform
[2018.11.29-23.17.33:109][  0]LogTemp: Display: Loaded TP AndroidTargetPlatform
[2018.11.29-23.17.33:109][  0]LogTemp: Display: Loaded TP AndroidTargetPlatform
[2018.11.29-23.17.33:109][  0]LogTemp: Display: Loaded TP AndroidTargetPlatform
[2018.11.29-23.17.33:109][  0]LogTemp: Display: Loaded TP AndroidTargetPlatform
[2018.11.29-23.17.33:109][  0]LogTemp: Display: Loaded TP AndroidTargetPlatform
[2018.11.29-23.17.33:109][  0]LogTemp: Display: Loaded TP AndroidTargetPlatform
[2018.11.29-23.17.33:109][  0]LogTemp: Display: Loaded TP AndroidTargetPlatform
[2018.11.29-23.17.33:109][  0]LogTemp: Display: Loaded TP AndroidTargetPlatform
[2018.11.29-23.17.33:109][  0]LogTemp: Display: Loaded TP AndroidTargetPlatform
[2018.11.29-23.17.33:113][  0]LogTemp: Display: Loaded TP HTML5TargetPlatform
[2018.11.29-23.17.33:189][  0]LogTemp: Display: Loaded TP IOSTargetPlatform
[2018.11.29-23.17.33:189][  0]LogTemp: Display: Loaded TP IOSTargetPlatform
[2018.11.29-23.17.33:214][  0]LogTemp: Display: Loaded TP TVOSTargetPlatform
[2018.11.29-23.17.33:214][  0]LogTemp: Display: Loaded TP TVOSTargetPlatform
[2018.11.29-23.17.33:229][  0]LogTemp: Display: Loaded TP LinuxClientTargetPlatform
[2018.11.29-23.17.33:245][  0]LogTemp: Display: Loaded TP LinuxNoEditorTargetPlatform
[2018.11.29-23.17.33:260][  0]LogTemp: Display: Loaded TP LinuxServerTargetPlatform
[2018.11.29-23.17.33:282][  0]LogTemp: Display: Loaded TP LinuxTargetPlatform
[2018.11.29-23.17.33:294][  0]LogTemp: Display: Loaded TP LuminTargetPlatform
[2018.11.29-23.17.33:294][  0]LogTargetPlatformManager: Display: Building Assets For Windows
[2018.11.29-23.17.33:427][  0]LogXGEController: Cleaning working directory: C:/Users/hpennycuick/AppData/Local/Temp/UnrealXGEWorkingDir/
[2018.11.29-23.17.33:428][  0]LogXGEController: Cannot use XGE Controller as Incredibuild is not installed on this machine.
[2018.11.29-23.17.33:428][  0]LogShaderCompilers: Cannot use XGE Shader Compiler as Incredibuild is not installed on this machine.
[2018.11.29-23.17.33:428][  0]LogShaderCompilers: Display: Using Local Shader Compiler.
[2018.11.29-23.17.35:133][  0]LogDerivedDataCache: Display: Max Cache Size: 512 MB
[2018.11.29-23.17.35:379][  0]LogDerivedDataCache: Loaded boot cache 0.25s 68MB C:/Users/hpennycuick/AppData/Local/UnrealEngine/4.20/DerivedDataCache/Boot.ddc.
[2018.11.29-23.17.35:379][  0]LogDerivedDataCache: Display: Loaded Boot cache: C:/Users/hpennycuick/AppData/Local/UnrealEngine/4.20/DerivedDataCache/Boot.ddc
[2018.11.29-23.17.35:379][  0]LogDerivedDataCache: FDerivedDataBackendGraph:  Pak pak cache file ../../../../Users/hpennycuick/Documents/SimonOfTheDead/DerivedDataCache/DDC.ddp not found, will not use a pak cache.
[2018.11.29-23.17.35:379][  0]LogDerivedDataCache: Unable to find inner node Pak for hierarchical cache Hierarchy.
[2018.11.29-23.17.35:379][  0]LogDerivedDataCache: FDerivedDataBackendGraph:  CompressedPak pak cache file ../../../../Users/hpennycuick/Documents/SimonOfTheDead/DerivedDataCache/Compressed.ddp not found, will not use a pak cache.
[2018.11.29-23.17.35:379][  0]LogDerivedDataCache: Unable to find inner node CompressedPak for hierarchical cache Hierarchy.
[2018.11.29-23.17.35:400][  0]LogDerivedDataCache: Display: Pak cache opened for reading ../../../Engine/DerivedDataCache/Compressed.ddp.
[2018.11.29-23.17.35:413][  0]LogDerivedDataCache: Using Local data cache path C:/Users/hpennycuick/AppData/Local/UnrealEngine/Common/DerivedDataCache: Writable
[2018.11.29-23.17.35:413][  0]LogDerivedDataCache: Shared data cache path not found in *engine.ini, will not use an Shared cache.
[2018.11.29-23.17.35:413][  0]LogDerivedDataCache: Unable to find inner node Shared for hierarchical cache Hierarchy.
[2018.11.29-23.17.35:430][  0]LogMaterial: Verifying Global Shaders for PCD3D_SM5
[2018.11.29-23.17.35:431][  0]LogSlate: Using FreeType 2.6.0
[2018.11.29-23.17.35:450][  0]LogSlate: SlateFontServices - WITH_FREETYPE: 1, WITH_HARFBUZZ: 1
[2018.11.29-23.17.35:822][  0]LogAssetRegistry: FAssetRegistry took 0.0351 seconds to start up
[2018.11.29-23.17.36:166][  0]LogInit: Selected Device Profile: [Windows]
[2018.11.29-23.17.36:446][  0]LogSimplygon: Simplygon DLL not present - disabling.
[2018.11.29-23.17.36:470][  0]LogMeshReduction: Using SimplygonSwarm for distributed automatic mesh merging
[2018.11.29-23.17.36:470][  0]LogMeshReduction: Using ProxyLODMeshReduction for automatic mesh merging
[2018.11.29-23.17.36:470][  0]LogMeshReduction: Using QuadricMeshReduction for automatic static mesh reduction
[2018.11.29-23.17.36:470][  0]LogMeshReduction: No automatic skeletal mesh reduction module available
[2018.11.29-23.17.36:517][  0]LogNetVersion: SimonOfTheDead 1.0.0, NetCL: 4212847, EngineNetVer: 5, GameNetVer: 0 (Checksum: 577601420)
[2018.11.29-23.17.37:419][  0]LogPackageLocalizationCache: Processed 7 localized package path(s) for 2 prioritized culture(s) in 0.065531 seconds
[2018.11.29-23.17.37:425][  0]LogUObjectArray: 37353 objects as part of root set at end of initial load.
[2018.11.29-23.17.37:425][  0]LogUObjectAllocator: 6485048 out of 0 bytes used by permanent object pool.
[2018.11.29-23.17.37:425][  0]LogUObjectArray: CloseDisregardForGC: 0/0 objects in disregard for GC pool
[2018.11.29-23.17.40:687][  0]LogTcpMessaging: Initializing TcpMessaging bridge
[2018.11.29-23.17.40:704][  0]LogUdpMessaging: Initializing bridge on interface 0.0.0.0:0 to multicast group 230.0.0.1:6666.
[2018.11.29-23.17.40:919][  0]SourceControl: Source control is disabled
[2018.11.29-23.17.40:919][  0]SourceControl: Source control is disabled
[2018.11.29-23.17.40:930][  0]SourceControl: Source control is disabled
[2018.11.29-23.17.40:935][  0]SourceControl: Source control is disabled
[2018.11.29-23.17.41:274][  0]LogAndroidPermission: UAndroidPermissionCallbackProxy::GetInstance
[2018.11.29-23.17.41:417][  0]LogEngine: Initializing Engine...
[2018.11.29-23.17.41:419][  0]LogStats: UGameplayTagsManager::ConstructGameplayTagTree: ImportINI prefixes -  0.000 s
[2018.11.29-23.17.41:419][  0]LogStats: UGameplayTagsManager::ConstructGameplayTagTree: Construct from data asset -  0.000 s
[2018.11.29-23.17.41:419][  0]LogStats: UGameplayTagsManager::ConstructGameplayTagTree: ImportINI -  0.000 s
[2018.11.29-23.17.41:419][  0]LogStats: UGameplayTagsManager::ConstructGameplayTagTree: GameplayTagTreeChangedEvent.Broadcast -  0.000 s
[2018.11.29-23.17.41:617][  0]LogInit: Initializing FReadOnlyCVARCache
[2018.11.29-23.17.41:635][  0]LogAIModule: Creating AISystem for world Untitled
[2018.11.29-23.17.41:645][  0]LogInit: XAudio2 using 'Realtek Digital Output (Realtek High Definition Audio)' : 2 channels at 48 kHz using 16 bits per sample (channel mask 0x3)
[2018.11.29-23.17.41:664][  0]LogInit: FAudioDevice initialized.
[2018.11.29-23.17.41:664][  0]LogNetVersion: Set ProjectVersion to 1.0.0.0. Version Checksum will be recalculated on next use.
[2018.11.29-23.17.41:743][  0]LogDerivedDataCache: Saved boot cache 0.08s 68MB C:/Users/hpennycuick/AppData/Local/UnrealEngine/4.20/DerivedDataCache/Boot.ddc.
[2018.11.29-23.17.41:746][  0]LogInit: Texture streaming: Enabled
[2018.11.29-23.17.41:769][  0]LogEngineSessionManager: EngineSessionManager initialized
[2018.11.29-23.17.41:782][  0]LogInit: Transaction tracking system initialized
[2018.11.29-23.17.41:820][  0]BlueprintLog: New page: Editor Load
[2018.11.29-23.17.42:010][  0]LocalizationService: Localization service is disabled
[2018.11.29-23.17.42:350][  0]LogCook: Display: Max memory allowance for cook 16384mb min free memory 0mb
[2018.11.29-23.17.42:350][  0]LogCook: Display: Mobile HDR setting 0
[2018.11.29-23.17.42:350][  0]LogGameplayTags: Display: UGameplayTagsManager::DoneAddingNativeTags. DelegateIsBound: 0
[2018.11.29-23.17.42:350][  0]LogStats: UGameplayTagsManager::ConstructGameplayTagTree: ImportINI prefixes -  0.000 s
[2018.11.29-23.17.42:350][  0]LogStats: UGameplayTagsManager::ConstructGameplayTagTree: Construct from data asset -  0.000 s
[2018.11.29-23.17.42:350][  0]LogStats: UGameplayTagsManager::ConstructGameplayTagTree: ImportINI -  0.000 s
[2018.11.29-23.17.42:350][  0]LogStats: UGameplayTagsManager::ConstructGameplayTagTree: GameplayTagTreeChangedEvent.Broadcast -  0.000 s
[2018.11.29-23.17.42:426][  0]LogFileCache: Scanning file cache for directory 'C:/Users/hpennycuick/Documents/SimonOfTheDead/Content/' took 0.02s
[2018.11.29-23.17.42:615][  0]SourceControl: Source control is disabled
[2018.11.29-23.17.42:615][  0]Cmd: MAP LOAD FILE="../../../../Users/hpennycuick/Documents/SimonOfTheDead/Content/Levels/TestMap_01.umap" TEMPLATE=0 SHOWPROGRESS=1 FEATURELEVEL=3
[2018.11.29-23.17.42:621][  0]LightingResults: New page: Lighting Build
[2018.11.29-23.17.42:624][  0]MapCheck: New page: Map Check
[2018.11.29-23.17.42:624][  0]LightingResults: New page: Lighting Build
[2018.11.29-23.17.43:167][  0]LogAIModule: Creating AISystem for world TestMap_01
[2018.11.29-23.17.43:178][  0]LogEditorServer: Finished looking for orphan Actors (0.000 secs)
[2018.11.29-23.17.43:202][  0]Cmd: MAP CHECKDEP NOCLEARLOG
[2018.11.29-23.17.43:257][  0]MapCheck: Map check complete: 0 Error(s), 0 Warning(s), took 55.7ms to complete.
[2018.11.29-23.17.43:257][  0]LogFileHelpers: Loading map 'TestMap_01' took 0.642
[2018.11.29-23.17.43:358][  0]LogSlate: Updating window title bar state: overlay mode, drag disabled, window buttons hidden, title bar hidden
[2018.11.29-23.17.43:365][  0]LogSlate: Updating window title bar state: overlay mode, drag disabled, window buttons hidden, title bar hidden
[2018.11.29-23.17.43:372][  0]LogSlate: Updating window title bar state: overlay mode, drag disabled, window buttons hidden, title bar hidden
[2018.11.29-23.17.43:379][  0]LogSlate: Updating window title bar state: overlay mode, drag disabled, window buttons hidden, title bar hidden
[2018.11.29-23.17.43:392][  0]LogCollectionManager: Loaded 0 collections in 0.001908 seconds
[2018.11.29-23.17.43:433][  0]LogFileCache: Scanning file cache for directory 'C:/Users/hpennycuick/Documents/SimonOfTheDead/Saved/Collections/' took 0.01s
[2018.11.29-23.17.43:433][  0]LogFileCache: Scanning file cache for directory 'C:/Users/hpennycuick/Documents/SimonOfTheDead/Content/Developers/hpennycuick/Collections/' took 0.01s
[2018.11.29-23.17.43:433][  0]LogFileCache: Scanning file cache for directory 'C:/Users/hpennycuick/Documents/SimonOfTheDead/Content/Collections/' took 0.01s
[2018.11.29-23.17.43:433][  0]LogCollectionManager: Rebuilt the GUID cache for 0 collections in 0.000001 seconds
[2018.11.29-23.17.43:443][  0]LogContentBrowser: Native class hierarchy populated in 0.0096 seconds. Added 2544 classes and 570 folders.
[2018.11.29-23.17.43:449][  0]LogContentBrowser: Native class hierarchy updated for 'WidgetCarousel' in 0.0002 seconds. Added 0 classes and 0 folders.
[2018.11.29-23.17.43:838][  0]LogContentBrowser: Native class hierarchy updated for 'AddContentDialog' in 0.0002 seconds. Added 0 classes and 0 folders.
[2018.11.29-23.17.43:849][  0]LogContentBrowser: Native class hierarchy updated for 'SceneOutliner' in 0.0003 seconds. Added 1 classes and 2 folders.
[2018.11.29-23.17.43:920][  0]LogSlate: Took 0.006572 seconds to synchronously load lazily loaded font '../../../Engine/Content/Slate/Fonts/Roboto-Regular.ttf' (155K)
[2018.11.29-23.17.43:927][  0]LogSlate: Took 0.005082 seconds to synchronously load lazily loaded font '../../../Engine/Content/Slate/Fonts/Roboto-Bold.ttf' (160K)
[2018.11.29-23.17.43:936][  0]LogSlate: Took 0.004581 seconds to synchronously load lazily loaded font '../../../Engine/Content/Editor/Slate/Fonts/FontAwesome.ttf' (139K)
[2018.11.29-23.17.44:041][  0]LogRenderer: Reallocating scene render targets to support 1208x576 Format 10 NumSamples 1 (Frame:1).
[2018.11.29-23.17.44:148][  0]LogContentBrowser: Native class hierarchy updated for 'HierarchicalLODOutliner' in 0.0002 seconds. Added 0 classes and 0 folders.
[2018.11.29-23.17.44:148][  0]LogLoad: (Engine Initialization) Total time: 19.20 seconds
[2018.11.29-23.17.44:148][  0]LogLoad: (Engine Initialization) Total Blueprint compile time: 0.00 seconds
[2018.11.29-23.17.44:182][  0]LogContentStreaming: Texture pool size now 1000 MB
[2018.11.29-23.17.44:214][  0]LogSlate: Took 0.005359 seconds to synchronously load lazily loaded font '../../../Engine/Content/Slate/Fonts/Roboto-Light.ttf' (167K)
[2018.11.29-23.17.44:387][  7]LogAssetRegistry: Asset discovery search completed in 8.5872 seconds
[2018.11.29-23.17.44:388][  7]LogCollectionManager: Rebuilt the object cache for 0 collections in 0.000000 seconds (found 0 objects)
[2018.11.29-23.17.44:388][  7]LogCollectionManager: Fixed up redirectors for 0 collections in 0.000046 seconds (updated 0 objects)
[2018.11.30-00.02.12:300][272]LogSlate: FSceneViewport::OnFocusLost() reason 0
[2018.11.30-00.02.14:402][522]LogSlate: Took 0.000410 seconds to synchronously load lazily loaded font '../../../Engine/Content/Slate/Fonts/Roboto-Light.ttf' (167K)
[2018.11.30-00.02.14:408][522]LogAssetEditorManager: Opening Asset editor for Blueprint /Game/Blueprints/Enemies/BP_EnemyBoss.BP_EnemyBoss
[2018.11.30-00.02.14:801][522]LogContentBrowser: Native class hierarchy updated for 'BlueprintGraph' in 0.0005 seconds. Added 116 classes and 0 folders.
[2018.11.30-00.02.16:612][649]LogSlate: Window 'BP_EnemyBoss' being destroyed
[2018.11.30-00.02.18:331][854]LogAssetEditorManager: Opening Asset editor for Blueprint /Game/Blueprints/Enemies/BP_EnemyBase.BP_EnemyBase
[2018.11.30-00.02.18:595][854]LogSlate: Took 0.005862 seconds to synchronously load lazily loaded font '../../../Engine/Content/Slate/Fonts/Roboto-BoldCondensed.ttf' (158K)
[2018.11.30-00.02.18:757][855]LogSlate: Took 0.004177 seconds to synchronously load lazily loaded font '../../../Engine/Content/Slate/Fonts/Roboto-Italic.ttf' (157K)
[2018.11.30-00.35.56:741][940]BlueprintLog: New page: Compile BP_EnemyBase
[2018.11.30-00.35.57:265][957]Cmd: OBJ SAVEPACKAGE PACKAGE="/Game/Blueprints/Enemies/BP_EnemyBase" FILE="../../../../Users/hpennycuick/Documents/SimonOfTheDead/Content/Blueprints/Enemies/BP_EnemyBase.uasset" SILENT=true
[2018.11.30-00.35.57:390][957]LogSavePackage: Moving '../../../../Users/hpennycuick/Documents/SimonOfTheDead/Saved/BP_EnemyBaseF148C0DC493FA57661D92C949B0D2F8D.tmp' to '../../../../Users/hpennycuick/Documents/SimonOfTheDead/Content/Blueprints/Enemies/BP_EnemyBase.uasset'
[2018.11.30-00.35.59:504][198]Cmd: OBJ SAVEPACKAGE PACKAGE="/Game/Levels/TestMap_01" FILE="../../../../Users/hpennycuick/Documents/SimonOfTheDead/Content/Levels/TestMap_01.umap" SILENT=true AUTOSAVING=false KEEPDIRTY=false
[2018.11.30-00.35.59:572][198]LogSavePackage: Moving '../../../../Users/hpennycuick/Documents/SimonOfTheDead/Saved/TestMap_017395E999447637466EB49FB6CF1DE470.tmp' to '../../../../Users/hpennycuick/Documents/SimonOfTheDead/Content/Levels/TestMap_01.umap'
[2018.11.30-00.35.59:602][198]LogFileHelpers: Saving map 'TestMap_01' took 0.159
[2018.11.30-00.35.59:604][198]Cmd: OBJ SAVEPACKAGE PACKAGE="/Game/Blueprints/Enemies/BP_EnemyBoss" FILE="../../../../Users/hpennycuick/Documents/SimonOfTheDead/Content/Blueprints/Enemies/BP_EnemyBoss.uasset" SILENT=true
[2018.11.30-00.35.59:633][198]LogSavePackage: Moving '../../../../Users/hpennycuick/Documents/SimonOfTheDead/Saved/BP_EnemyBossA8C12AB44C9CEC62A75881B0B8E9F6CC.tmp' to '../../../../Users/hpennycuick/Documents/SimonOfTheDead/Content/Blueprints/Enemies/BP_EnemyBoss.uasset'
[2018.11.30-00.37.35:440][735]LogRenderer: Reallocating scene render targets to support 1208x600 Format 10 NumSamples 1 (Frame:1019).
[2018.11.30-00.39.49:633][286]LogAssetEditorManager: Opening Asset editor for Blueprint /Game/Blueprints/Enemies/BP_EnemyBoss.BP_EnemyBoss
[2018.11.30-00.39.58:475][298]LogAssetEditorManager: Opening Asset editor for Blueprint /Game/Blueprints/Enemies/BP_Enemy_Normal.BP_Enemy_Normal
[2018.11.30-00.50.19:925][388]LogFileHelpers: Editor autosave (incl. sublevels) for '/Game/Levels/TestMap_01' took 0.034
[2018.11.30-00.50.19:927][388]OBJ SavePackage: Generating thumbnails for [0] asset(s) in package [/Game/Blueprints/Enemies/BP_EnemyBase] ([1] browsable assets)...
[2018.11.30-00.50.19:927][388]OBJ SavePackage: Finished generating thumbnails for package [/Game/Blueprints/Enemies/BP_EnemyBase]
[2018.11.30-00.50.20:048][388]LogSavePackage: Moving '../../../../Users/hpennycuick/Documents/SimonOfTheDead/Saved/BP_EnemyBase_Auto1E2DA19734A2B6DBC79801496859CA089.tmp' to '../../../../Users/hpennycuick/Documents/SimonOfTheDead/Saved/Autosaves/Game/Blueprints/Enemies/BP_EnemyBase_Auto1.uasset'
[2018.11.30-00.50.20:049][388]LogFileHelpers: Auto-saving content packages took 0.124
[2018.11.30-01.03.25:791][ 68]LogSlate: Took 0.004200 seconds to synchronously load lazily loaded font '../../../Engine/Content/Slate/Fonts/Roboto-BoldCondensedItalic.ttf' (160K)
[2018.11.30-01.05.44:751][505]BlueprintLog: New page: Compile BP_EnemyBase
[2018.11.30-01.05.45:259][521]Cmd: OBJ SAVEPACKAGE PACKAGE="/Game/Blueprints/Enemies/BP_EnemyBase" FILE="../../../../Users/hpennycuick/Documents/SimonOfTheDead/Content/Blueprints/Enemies/BP_EnemyBase.uasset" SILENT=true
[2018.11.30-01.05.45:384][521]LogSavePackage: Moving '../../../../Users/hpennycuick/Documents/SimonOfTheDead/Saved/BP_EnemyBase9A0AE16344938BBA60603CAC4EE97C85.tmp' to '../../../../Users/hpennycuick/Documents/SimonOfTheDead/Content/Blueprints/Enemies/BP_EnemyBase.uasset'
[2018.11.30-01.05.50:268][103]BlueprintLog: New page: Compile BP_EnemyBase
[2018.11.30-01.05.50:799][132]Cmd: OBJ SAVEPACKAGE PACKAGE="/Game/Blueprints/Enemies/BP_EnemyBase" FILE="../../../../Users/hpennycuick/Documents/SimonOfTheDead/Content/Blueprints/Enemies/BP_EnemyBase.uasset" SILENT=true
[2018.11.30-01.05.50:919][132]LogSavePackage: Moving '../../../../Users/hpennycuick/Documents/SimonOfTheDead/Saved/BP_EnemyBase1D21D15F4994B3F88323A68C9820A76A.tmp' to '../../../../Users/hpennycuick/Documents/SimonOfTheDead/Content/Blueprints/Enemies/BP_EnemyBase.uasset'
[2018.11.30-01.06.56:841][918]BlueprintLog: New page: Compile BP_EnemyBase
[2018.11.30-01.06.57:435][955]Cmd: OBJ SAVEPACKAGE PACKAGE="/Game/Blueprints/Enemies/BP_EnemyBase" FILE="../../../../Users/hpennycuick/Documents/SimonOfTheDead/Content/Blueprints/Enemies/BP_EnemyBase.uasset" SILENT=true
[2018.11.30-01.06.57:552][955]LogSavePackage: Moving '../../../../Users/hpennycuick/Documents/SimonOfTheDead/Saved/BP_EnemyBaseC0C1B75141EC54A86B003CB71E8850A9.tmp' to '../../../../Users/hpennycuick/Documents/SimonOfTheDead/Content/Blueprints/Enemies/BP_EnemyBase.uasset'
[2018.11.30-01.07.16:379][198]Cmd: OBJ SAVEPACKAGE PACKAGE="/Game/Blueprints/Enemies/BP_EnemyBase" FILE="../../../../Users/hpennycuick/Documents/SimonOfTheDead/Content/Blueprints/Enemies/BP_EnemyBase.uasset" SILENT=true
[2018.11.30-01.07.16:495][198]LogSavePackage: Moving '../../../../Users/hpennycuick/Documents/SimonOfTheDead/Saved/BP_EnemyBaseE163D9CD43DF73F53B58F687EA0874DC.tmp' to '../../../../Users/hpennycuick/Documents/SimonOfTheDead/Content/Blueprints/Enemies/BP_EnemyBase.uasset'
[2018.11.30-01.07.40:644][ 21]BlueprintLog: New page: Compile BP_EnemyBase
[2018.11.30-01.07.41:312][ 65]Cmd: OBJ SAVEPACKAGE PACKAGE="/Game/Blueprints/Enemies/BP_EnemyBase" FILE="../../../../Users/hpennycuick/Documents/SimonOfTheDead/Content/Blueprints/Enemies/BP_EnemyBase.uasset" SILENT=true
[2018.11.30-01.07.41:428][ 65]LogSavePackage: Moving '../../../../Users/hpennycuick/Documents/SimonOfTheDead/Saved/BP_EnemyBaseAAD3D6DD411009B3846385861D4CB52E.tmp' to '../../../../Users/hpennycuick/Documents/SimonOfTheDead/Content/Blueprints/Enemies/BP_EnemyBase.uasset'
[2018.11.30-01.07.48:572][918]Cmd: OBJ SAVEPACKAGE PACKAGE="/Game/Blueprints/Enemies/BP_EnemyBase" FILE="../../../../Users/hpennycuick/Documents/SimonOfTheDead/Content/Blueprints/Enemies/BP_EnemyBase.uasset" SILENT=true
[2018.11.30-01.07.48:686][918]LogSavePackage: Moving '../../../../Users/hpennycuick/Documents/SimonOfTheDead/Saved/BP_EnemyBaseF84C31704C7B5C2347D994AA5B42CB30.tmp' to '../../../../Users/hpennycuick/Documents/SimonOfTheDead/Content/Blueprints/Enemies/BP_EnemyBase.uasset'
[2018.11.30-01.07.49:387][  0]BlueprintLog: New page: Compile BP_EnemyBase
[2018.11.30-01.07.50:180][ 61]Cmd: OBJ SAVEPACKAGE PACKAGE="/Game/Blueprints/Enemies/BP_EnemyBase" FILE="../../../../Users/hpennycuick/Documents/SimonOfTheDead/Content/Blueprints/Enemies/BP_EnemyBase.uasset" SILENT=true
[2018.11.30-01.07.50:296][ 61]LogSavePackage: Moving '../../../../Users/hpennycuick/Documents/SimonOfTheDead/Saved/BP_EnemyBase44C0904A45383478F86D0FB53BE166E4.tmp' to '../../../../Users/hpennycuick/Documents/SimonOfTheDead/Content/Blueprints/Enemies/BP_EnemyBase.uasset'
[2018.11.30-01.10.03:262][868]BlueprintLog: New page: Compile BP_EnemyBase
[2018.11.30-01.10.03:986][917]Cmd: OBJ SAVEPACKAGE PACKAGE="/Game/Blueprints/Enemies/BP_EnemyBase" FILE="../../../../Users/hpennycuick/Documents/SimonOfTheDead/Content/Blueprints/Enemies/BP_EnemyBase.uasset" SILENT=true
[2018.11.30-01.10.04:103][917]LogSavePackage: Moving '../../../../Users/hpennycuick/Documents/SimonOfTheDead/Saved/BP_EnemyBase4503BB0D4C8FEA94776771B4F0FE4CE4.tmp' to '../../../../Users/hpennycuick/Documents/SimonOfTheDead/Content/Blueprints/Enemies/BP_EnemyBase.uasset'
[2018.11.30-01.12.02:277][975]BlueprintLog: New page: Compile BP_EnemyBase
[2018.11.30-01.12.02:831][  3]Cmd: OBJ SAVEPACKAGE PACKAGE="/Game/Blueprints/Enemies/BP_EnemyBase" FILE="../../../../Users/hpennycuick/Documents/SimonOfTheDead/Content/Blueprints/Enemies/BP_EnemyBase.uasset" SILENT=true
[2018.11.30-01.12.02:960][  3]LogSavePackage: Moving '../../../../Users/hpennycuick/Documents/SimonOfTheDead/Saved/BP_EnemyBase443B849540034293C22982917CDBC4AA.tmp' to '../../../../Users/hpennycuick/Documents/SimonOfTheDead/Content/Blueprints/Enemies/BP_EnemyBase.uasset'
[2018.11.30-01.12.07:412][528]Cmd: OBJ SAVEPACKAGE PACKAGE="/Game/Levels/TestMap_01" FILE="../../../../Users/hpennycuick/Documents/SimonOfTheDead/Content/Levels/TestMap_01.umap" SILENT=true AUTOSAVING=false KEEPDIRTY=false
[2018.11.30-01.12.07:486][528]LogSavePackage: Moving '../../../../Users/hpennycuick/Documents/SimonOfTheDead/Saved/TestMap_0152E2B9734B8C6FA1DF6A11ADD4F6BA9F.tmp' to '../../../../Users/hpennycuick/Documents/SimonOfTheDead/Content/Levels/TestMap_01.umap'
[2018.11.30-01.12.07:522][528]Cmd: OBJ SAVEPACKAGE PACKAGE="/Game/Levels/TestMap_01_BuiltData" FILE="../../../../Users/hpennycuick/Documents/SimonOfTheDead/Content/Levels/TestMap_01_BuiltData.uasset" SILENT=true
[2018.11.30-01.12.07:545][528]LogSavePackage: Moving '../../../../Users/hpennycuick/Documents/SimonOfTheDead/Saved/TestMap_01_BuiltData43E5E74D415C48362D27C1AD990DF580.tmp' to '../../../../Users/hpennycuick/Documents/SimonOfTheDead/Content/Levels/TestMap_01_BuiltData.uasset'
[2018.11.30-01.12.08:354][624]LogTemp: Repeating last play command: Mobile Preview ES2 (PIE)
[2018.11.30-01.12.09:469][624]LogSlate: Window 'Save Content' being destroyed
[2018.11.30-01.12.09:486][624]Cmd: OBJ SAVEPACKAGE PACKAGE="/Game/Blueprints/Enemies/BP_Enemy_Normal" FILE="../../../../Users/hpennycuick/Documents/SimonOfTheDead/Content/Blueprints/Enemies/BP_Enemy_Normal.uasset" SILENT=true
[2018.11.30-01.12.09:518][624]LogSavePackage: Moving '../../../../Users/hpennycuick/Documents/SimonOfTheDead/Saved/BP_Enemy_NormalA9908B6741FE71E35CF84AA9ECA64161.tmp' to '../../../../Users/hpennycuick/Documents/SimonOfTheDead/Content/Blueprints/Enemies/BP_Enemy_Normal.uasset'
[2018.11.30-01.12.09:525][624]Cmd: OBJ SAVEPACKAGE PACKAGE="/Game/Blueprints/Enemies/BP_EnemyBoss" FILE="../../../../Users/hpennycuick/Documents/SimonOfTheDead/Content/Blueprints/Enemies/BP_EnemyBoss.uasset" SILENT=true
[2018.11.30-01.12.09:555][624]LogSavePackage: Moving '../../../../Users/hpennycuick/Documents/SimonOfTheDead/Saved/BP_EnemyBoss55EB927D4BF64202B054E3A5542E979F.tmp' to '../../../../Users/hpennycuick/Documents/SimonOfTheDead/Content/Blueprints/Enemies/BP_EnemyBoss.uasset'
[2018.11.30-01.12.45:812][841]BlueprintLog: New page: Compile BP_EnemyBase
[2018.11.30-01.12.46:458][881]Cmd: OBJ SAVEPACKAGE PACKAGE="/Game/Blueprints/Enemies/BP_EnemyBase" FILE="../../../../Users/hpennycuick/Documents/SimonOfTheDead/Content/Blueprints/Enemies/BP_EnemyBase.uasset" SILENT=true
[2018.11.30-01.12.46:585][881]LogSavePackage: Moving '../../../../Users/hpennycuick/Documents/SimonOfTheDead/Saved/BP_EnemyBase49E8ADDB49C6009B6DEF5199B7DC6336.tmp' to '../../../../Users/hpennycuick/Documents/SimonOfTheDead/Content/Blueprints/Enemies/BP_EnemyBase.uasset'
[2018.11.30-01.12.55:001][886]Cmd: OBJ SAVEPACKAGE PACKAGE="/Game/Blueprints/Enemies/BP_EnemyBoss" FILE="../../../../Users/hpennycuick/Documents/SimonOfTheDead/Content/Blueprints/Enemies/BP_EnemyBoss.uasset" SILENT=true
[2018.11.30-01.12.55:026][886]LogSavePackage: Moving '../../../../Users/hpennycuick/Documents/SimonOfTheDead/Saved/BP_EnemyBoss15DC82FF433219F0DE4DDCBDA00D7076.tmp' to '../../../../Users/hpennycuick/Documents/SimonOfTheDead/Content/Blueprints/Enemies/BP_EnemyBoss.uasset'
[2018.11.30-01.12.56:426][ 46]Cmd: OBJ SAVEPACKAGE PACKAGE="/Game/Blueprints/Enemies/BP_Enemy_Normal" FILE="../../../../Users/hpennycuick/Documents/SimonOfTheDead/Content/Blueprints/Enemies/BP_Enemy_Normal.uasset" SILENT=true
[2018.11.30-01.12.56:452][ 46]LogSavePackage: Moving '../../../../Users/hpennycuick/Documents/SimonOfTheDead/Saved/BP_Enemy_NormalA8E4DAF1439F2F9C40F1EAB0CE07475C.tmp' to '../../../../Users/hpennycuick/Documents/SimonOfTheDead/Content/Blueprints/Enemies/BP_Enemy_Normal.uasset'
[2018.11.30-01.12.57:651][189]LogTemp: Repeating last play command: Mobile Preview ES2 (PIE)
[2018.11.30-01.12.58:883][189]LogSlate: Window 'Save Content' being destroyed
[2018.11.30-01.12.58:959][189]Cmd: OBJ SAVEPACKAGE PACKAGE="/Game/Levels/TestMap_01" FILE="../../../../Users/hpennycuick/Documents/SimonOfTheDead/Content/Levels/TestMap_01.umap" SILENT=true AUTOSAVING=false KEEPDIRTY=false
[2018.11.30-01.12.59:027][189]LogSavePackage: Moving '../../../../Users/hpennycuick/Documents/SimonOfTheDead/Saved/TestMap_0177667E964B465300FB4CFDB8B0B7CCE7.tmp' to '../../../../Users/hpennycuick/Documents/SimonOfTheDead/Content/Levels/TestMap_01.umap'
[2018.11.30-01.12.59:058][189]LogFileHelpers: Saving map 'TestMap_01' took 0.162
[2018.11.30-01.14.10:678][844]BlueprintLog: New page: Compile BP_EnemyBase
[2018.11.30-01.14.11:273][877]Cmd: OBJ SAVEPACKAGE PACKAGE="/Game/Blueprints/Enemies/BP_EnemyBase" FILE="../../../../Users/hpennycuick/Documents/SimonOfTheDead/Content/Blueprints/Enemies/BP_EnemyBase.uasset" SILENT=true
[2018.11.30-01.14.11:387][877]LogSavePackage: Moving '../../../../Users/hpennycuick/Documents/SimonOfTheDead/Saved/BP_EnemyBase88CA16934BB3200AA2A64F8A3785A918.tmp' to '../../../../Users/hpennycuick/Documents/SimonOfTheDead/Content/Blueprints/Enemies/BP_EnemyBase.uasset'
[2018.11.30-01.15.07:070][938]BlueprintLog: New page: Compile BP_EnemyBase
[2018.11.30-01.15.07:530][963]Cmd: OBJ SAVEPACKAGE PACKAGE="/Game/Blueprints/Enemies/BP_EnemyBase" FILE="../../../../Users/hpennycuick/Documents/SimonOfTheDead/Content/Blueprints/Enemies/BP_EnemyBase.uasset" SILENT=true
[2018.11.30-01.15.07:625][963]LogSavePackage: Moving '../../../../Users/hpennycuick/Documents/SimonOfTheDead/Saved/BP_EnemyBase24BF2510482C14E458227683C7333164.tmp' to '../../../../Users/hpennycuick/Documents/SimonOfTheDead/Content/Blueprints/Enemies/BP_EnemyBase.uasset'
[2018.11.30-01.15.13:891][683]BlueprintLog: New page: Compile BP_EnemyBase
[2018.11.30-01.15.14:854][768]Cmd: OBJ SAVEPACKAGE PACKAGE="/Game/Blueprints/Enemies/BP_EnemyBase" FILE="../../../../Users/hpennycuick/Documents/SimonOfTheDead/Content/Blueprints/Enemies/BP_EnemyBase.uasset" SILENT=true
[2018.11.30-01.15.14:944][768]LogSavePackage: Moving '../../../../Users/hpennycuick/Documents/SimonOfTheDead/Saved/BP_EnemyBase0F1A18BA443DC09CF1A8DFA64C9BB517.tmp' to '../../../../Users/hpennycuick/Documents/SimonOfTheDead/Content/Blueprints/Enemies/BP_EnemyBase.uasset'
[2018.11.30-01.15.25:445][ 19]Cmd: OBJ SAVEPACKAGE PACKAGE="/Game/Blueprints/Enemies/BP_EnemyBase" FILE="../../../../Users/hpennycuick/Documents/SimonOfTheDead/Content/Blueprints/Enemies/BP_EnemyBase.uasset" SILENT=true
[2018.11.30-01.15.25:535][ 19]LogSavePackage: Moving '../../../../Users/hpennycuick/Documents/SimonOfTheDead/Saved/BP_EnemyBase3902CB3C4F0365133DF8BCBF098BD1BF.tmp' to '../../../../Users/hpennycuick/Documents/SimonOfTheDead/Content/Blueprints/Enemies/BP_EnemyBase.uasset'
[2018.11.30-01.15.26:695][148]Cmd: OBJ SAVEPACKAGE PACKAGE="/Game/Levels/TestMap_01" FILE="../../../../Users/hpennycuick/Documents/SimonOfTheDead/Content/Levels/TestMap_01.umap" SILENT=true AUTOSAVING=false KEEPDIRTY=false
[2018.11.30-01.15.26:764][148]LogSavePackage: Moving '../../../../Users/hpennycuick/Documents/SimonOfTheDead/Saved/TestMap_011959F6A6437BC6665A4987A700368701.tmp' to '../../../../Users/hpennycuick/Documents/SimonOfTheDead/Content/Levels/TestMap_01.umap'
[2018.11.30-01.15.26:796][148]Cmd: OBJ SAVEPACKAGE PACKAGE="/Game/Levels/TestMap_01_BuiltData" FILE="../../../../Users/hpennycuick/Documents/SimonOfTheDead/Content/Levels/TestMap_01_BuiltData.uasset" SILENT=true
[2018.11.30-01.15.26:812][148]LogSavePackage: Moving '../../../../Users/hpennycuick/Documents/SimonOfTheDead/Saved/TestMap_01_BuiltData105803454DEDBCCC5233F7B4215D6D16.tmp' to '../../../../Users/hpennycuick/Documents/SimonOfTheDead/Content/Levels/TestMap_01_BuiltData.uasset'
[2018.11.30-01.15.28:915][392]Cmd: OBJ SAVEPACKAGE PACKAGE="/Game/Blueprints/Enemies/BP_Enemy_Normal" FILE="../../../../Users/hpennycuick/Documents/SimonOfTheDead/Content/Blueprints/Enemies/BP_Enemy_Normal.uasset" SILENT=true
[2018.11.30-01.15.28:939][392]LogSavePackage: Moving '../../../../Users/hpennycuick/Documents/SimonOfTheDead/Saved/BP_Enemy_Normal374D475B4007D364067107961CC6CE5F.tmp' to '../../../../Users/hpennycuick/Documents/SimonOfTheDead/Content/Blueprints/Enemies/BP_Enemy_Normal.uasset'
[2018.11.30-01.15.31:150][655]Cmd: OBJ SAVEPACKAGE PACKAGE="/Game/Blueprints/Enemies/BP_EnemyBoss" FILE="../../../../Users/hpennycuick/Documents/SimonOfTheDead/Content/Blueprints/Enemies/BP_EnemyBoss.uasset" SILENT=true
[2018.11.30-01.15.31:175][655]LogSavePackage: Moving '../../../../Users/hpennycuick/Documents/SimonOfTheDead/Saved/BP_EnemyBoss3A0FD5104A6DA11156ECBC83C00BFC46.tmp' to '../../../../Users/hpennycuick/Documents/SimonOfTheDead/Content/Blueprints/Enemies/BP_EnemyBoss.uasset'
[2018.11.30-01.30.33:759][826]LogRenderer: Reallocating scene render targets to support 1208x712 Format 10 NumSamples 1 (Frame:1).
[2018.11.30-01.30.45:261][189]LogSlate: FSceneViewport::OnFocusLost() reason 0
[2018.11.30-01.31.15:591][795]LogSlate: FSceneViewport::OnFocusLost() reason 0
[2018.11.30-01.31.48:699][749]LogSlate: FSceneViewport::OnFocusLost() reason 0
[2018.11.30-01.31.53:478][309]LogSlate: FSceneViewport::OnFocusLost() reason 2
[2018.11.30-01.31.53:565][309]LogSavePackage: Moving '../../../../Users/hpennycuick/Documents/SimonOfTheDead/Saved/TestMap_01_Auto24EEB9416456CBA6D00D09A8CAABDAFCD.tmp' to '../../../../Users/hpennycuick/Documents/SimonOfTheDead/Saved/Autosaves/Game/Levels/TestMap_01_Auto2.umap'
[2018.11.30-01.31.53:569][309]LogFileHelpers: Editor autosave (incl. sublevels) for '/Game/Levels/TestMap_01' took 0.079
[2018.11.30-01.31.53:569][309]LogFileHelpers: Editor autosave (incl. sublevels) for all levels took 0.079
[2018.11.30-01.31.53:571][309]OBJ SavePackage: Generating thumbnails for [0] asset(s) in package [/Game/Blueprints/Enemies/BP_EnemyBase] ([1] browsable assets)...
[2018.11.30-01.31.53:571][309]OBJ SavePackage: Finished generating thumbnails for package [/Game/Blueprints/Enemies/BP_EnemyBase]
[2018.11.30-01.31.53:662][309]LogSavePackage: Moving '../../../../Users/hpennycuick/Documents/SimonOfTheDead/Saved/BP_EnemyBase_Auto2BFBC031C4A0099F5CDA88DB656BB55B0.tmp' to '../../../../Users/hpennycuick/Documents/SimonOfTheDead/Saved/Autosaves/Game/Blueprints/Enemies/BP_EnemyBase_Auto2.uasset'
[2018.11.30-01.31.53:663][309]OBJ SavePackage: Generating thumbnails for [0] asset(s) in package [/Game/Blueprints/Enemies/BP_EnemyBoss] ([1] browsable assets)...
[2018.11.30-01.31.53:663][309]OBJ SavePackage: Finished generating thumbnails for package [/Game/Blueprints/Enemies/BP_EnemyBoss]
[2018.11.30-01.31.53:691][309]LogSavePackage: Moving '../../../../Users/hpennycuick/Documents/SimonOfTheDead/Saved/BP_EnemyBoss_Auto29AF39C434A68E89EF3953680496333D5.tmp' to '../../../../Users/hpennycuick/Documents/SimonOfTheDead/Saved/Autosaves/Game/Blueprints/Enemies/BP_EnemyBoss_Auto2.uasset'
[2018.11.30-01.31.53:693][309]OBJ SavePackage: Generating thumbnails for [0] asset(s) in package [/Game/Blueprints/Enemies/BP_Enemy_Normal] ([1] browsable assets)...
[2018.11.30-01.31.53:693][309]OBJ SavePackage: Finished generating thumbnails for package [/Game/Blueprints/Enemies/BP_Enemy_Normal]
[2018.11.30-01.31.53:723][309]LogSavePackage: Moving '../../../../Users/hpennycuick/Documents/SimonOfTheDead/Saved/BP_Enemy_Normal_Auto26BD2B53B4203AB8757B4C588FB415114.tmp' to '../../../../Users/hpennycuick/Documents/SimonOfTheDead/Saved/Autosaves/Game/Blueprints/Enemies/BP_Enemy_Normal_Auto2.uasset'
[2018.11.30-01.31.53:724][309]LogFileHelpers: Auto-saving content packages took 0.154
[2018.11.30-01.31.59:218][958]LogSlate: FSceneViewport::OnFocusLost() reason 0
[2018.11.30-01.32.05:973][761]LogSlate: FSceneViewport::OnFocusLost() reason 0
[2018.11.30-01.32.14:027][714]LogSlate: FSceneViewport::OnFocusLost() reason 0
[2018.11.30-01.32.25:900][125]LogSlate: FSceneViewport::OnFocusLost() reason 0
[2018.11.30-01.32.37:692][528]LogSlate: FSceneViewport::OnFocusLost() reason 0
[2018.11.30-01.32.51:770][199]LogSlate: FSceneViewport::OnFocusLost() reason 0
[2018.11.30-01.33.25:832][254]LogSlate: FSceneViewport::OnFocusLost() reason 0
[2018.11.30-01.33.33:883][202]LogSlate: FSceneViewport::OnFocusLost() reason 0
[2018.11.30-01.33.40:277][960]LogSlate: FSceneViewport::OnFocusLost() reason 0
[2018.11.30-01.33.40:344][968]BlueprintLog: New page: Compile BP_EnemyBase
[2018.11.30-01.33.40:850][988]Cmd: OBJ SAVEPACKAGE PACKAGE="/Game/Blueprints/Enemies/BP_EnemyBase" FILE="../../../../Users/hpennycuick/Documents/SimonOfTheDead/Content/Blueprints/Enemies/BP_EnemyBase.uasset" SILENT=true
[2018.11.30-01.33.40:937][988]LogSavePackage: Moving '../../../../Users/hpennycuick/Documents/SimonOfTheDead/Saved/BP_EnemyBaseEB5A99454E7E7C4D2493A9B293FB15BF.tmp' to '../../../../Users/hpennycuick/Documents/SimonOfTheDead/Content/Blueprints/Enemies/BP_EnemyBase.uasset'
[2018.11.30-01.33.48:541][883]LogSlate: FSceneViewport::OnFocusLost() reason 0
[2018.11.30-01.34.08:934][319]BlueprintLog: New page: Compile BP_EnemyBase
[2018.11.30-01.34.09:457][346]Cmd: OBJ SAVEPACKAGE PACKAGE="/Game/Blueprints/Enemies/BP_EnemyBase" FILE="../../../../Users/hpennycuick/Documents/SimonOfTheDead/Content/Blueprints/Enemies/BP_EnemyBase.uasset" SILENT=true
[2018.11.30-01.34.09:546][346]LogSavePackage: Moving '../../../../Users/hpennycuick/Documents/SimonOfTheDead/Saved/BP_EnemyBase6219279C45F03FA17990CE943128D425.tmp' to '../../../../Users/hpennycuick/Documents/SimonOfTheDead/Content/Blueprints/Enemies/BP_EnemyBase.uasset'
[2018.11.30-01.34.23:953][ 53]BlueprintLog: New page: Compile BP_EnemyBase
[2018.11.30-01.34.24:533][ 88]Cmd: OBJ SAVEPACKAGE PACKAGE="/Game/Blueprints/Enemies/BP_EnemyBase" FILE="../../../../Users/hpennycuick/Documents/SimonOfTheDead/Content/Blueprints/Enemies/BP_EnemyBase.uasset" SILENT=true
[2018.11.30-01.34.24:618][ 88]LogSavePackage: Moving '../../../../Users/hpennycuick/Documents/SimonOfTheDead/Saved/BP_EnemyBaseB85698E74073FEE07936FA8F0E3643EC.tmp' to '../../../../Users/hpennycuick/Documents/SimonOfTheDead/Content/Blueprints/Enemies/BP_EnemyBase.uasset'
[2018.11.30-01.34.33:832][173]BlueprintLog: New page: Compile BP_EnemyBase
[2018.11.30-01.34.34:349][200]Cmd: OBJ SAVEPACKAGE PACKAGE="/Game/Blueprints/Enemies/BP_EnemyBase" FILE="../../../../Users/hpennycuick/Documents/SimonOfTheDead/Content/Blueprints/Enemies/BP_EnemyBase.uasset" SILENT=true
[2018.11.30-01.34.34:435][200]LogSavePackage: Moving '../../../../Users/hpennycuick/Documents/SimonOfTheDead/Saved/BP_EnemyBase139F8A8D45DECA78B0E1A9A8E9749A49.tmp' to '../../../../Users/hpennycuick/Documents/SimonOfTheDead/Content/Blueprints/Enemies/BP_EnemyBase.uasset'
[2018.11.30-01.34.35:545][332]LogTemp: Repeating last play command: Mobile Preview ES2 (PIE)
[2018.11.30-01.34.37:010][332]LogSlate: Window 'Save Content' being destroyed
[2018.11.30-01.34.37:024][332]Cmd: OBJ SAVEPACKAGE PACKAGE="/Game/Blueprints/Enemies/BP_Enemy_Normal" FILE="../../../../Users/hpennycuick/Documents/SimonOfTheDead/Content/Blueprints/Enemies/BP_Enemy_Normal.uasset" SILENT=true
[2018.11.30-01.34.37:050][332]LogSavePackage: Moving '../../../../Users/hpennycuick/Documents/SimonOfTheDead/Saved/BP_Enemy_Normal070A8CEB43E03B6722D340882ACA6553.tmp' to '../../../../Users/hpennycuick/Documents/SimonOfTheDead/Content/Blueprints/Enemies/BP_Enemy_Normal.uasset'
[2018.11.30-01.34.37:061][332]Cmd: OBJ SAVEPACKAGE PACKAGE="/Game/Blueprints/Enemies/BP_EnemyBoss" FILE="../../../../Users/hpennycuick/Documents/SimonOfTheDead/Content/Blueprints/Enemies/BP_EnemyBoss.uasset" SILENT=true
[2018.11.30-01.34.37:086][332]LogSavePackage: Moving '../../../../Users/hpennycuick/Documents/SimonOfTheDead/Saved/BP_EnemyBoss52EE221B4B6F93A203AD16BB97276A5E.tmp' to '../../../../Users/hpennycuick/Documents/SimonOfTheDead/Content/Blueprints/Enemies/BP_EnemyBoss.uasset'
[2018.11.30-01.34.37:156][332]Cmd: OBJ SAVEPACKAGE PACKAGE="/Game/Levels/TestMap_01" FILE="../../../../Users/hpennycuick/Documents/SimonOfTheDead/Content/Levels/TestMap_01.umap" SILENT=true AUTOSAVING=false KEEPDIRTY=false
[2018.11.30-01.34.37:221][332]LogSavePackage: Moving '../../../../Users/hpennycuick/Documents/SimonOfTheDead/Saved/TestMap_019138CC634C771E038B0B3CADBAE0CF3F.tmp' to '../../../../Users/hpennycuick/Documents/SimonOfTheDead/Content/Levels/TestMap_01.umap'
[2018.11.30-01.34.37:253][332]LogFileHelpers: Saving map 'TestMap_01' took 0.159
[2018.11.30-01.35.40:554][835]BlueprintLog: New page: Compile BP_EnemyBase
[2018.11.30-01.35.41:095][860]Cmd: OBJ SAVEPACKAGE PACKAGE="/Game/Blueprints/Enemies/BP_EnemyBase" FILE="../../../../Users/hpennycuick/Documents/SimonOfTheDead/Content/Blueprints/Enemies/BP_EnemyBase.uasset" SILENT=true
[2018.11.30-01.35.41:184][860]LogSavePackage: Moving '../../../../Users/hpennycuick/Documents/SimonOfTheDead/Saved/BP_EnemyBaseB97F02DE42BBD932F0369F9FAD823B05.tmp' to '../../../../Users/hpennycuick/Documents/SimonOfTheDead/Content/Blueprints/Enemies/BP_EnemyBase.uasset'
[2018.11.30-01.35.48:551][739]Cmd: OBJ SAVEPACKAGE PACKAGE="/Game/Blueprints/Enemies/BP_EnemyBase" FILE="../../../../Users/hpennycuick/Documents/SimonOfTheDead/Content/Blueprints/Enemies/BP_EnemyBase.uasset" SILENT=true
[2018.11.30-01.35.48:638][739]LogSavePackage: Moving '../../../../Users/hpennycuick/Documents/SimonOfTheDead/Saved/BP_EnemyBase36A10FEC4CA8A87B6754F29F54C0604E.tmp' to '../../../../Users/hpennycuick/Documents/SimonOfTheDead/Content/Blueprints/Enemies/BP_EnemyBase.uasset'
[2018.11.30-01.35.49:530][844]Cmd: OBJ SAVEPACKAGE PACKAGE="/Game/Levels/TestMap_01" FILE="../../../../Users/hpennycuick/Documents/SimonOfTheDead/Content/Levels/TestMap_01.umap" SILENT=true AUTOSAVING=false KEEPDIRTY=false
[2018.11.30-01.35.49:599][844]LogSavePackage: Moving '../../../../Users/hpennycuick/Documents/SimonOfTheDead/Saved/TestMap_0152BCC93749F8257848D6B38F21F66949.tmp' to '../../../../Users/hpennycuick/Documents/SimonOfTheDead/Content/Levels/TestMap_01.umap'
[2018.11.30-01.35.49:632][844]Cmd: OBJ SAVEPACKAGE PACKAGE="/Game/Levels/TestMap_01_BuiltData" FILE="../../../../Users/hpennycuick/Documents/SimonOfTheDead/Content/Levels/TestMap_01_BuiltData.uasset" SILENT=true
[2018.11.30-01.35.49:652][844]LogSavePackage: Moving '../../../../Users/hpennycuick/Documents/SimonOfTheDead/Saved/TestMap_01_BuiltData9E41885640E4B230B6E31F836DD8B757.tmp' to '../../../../Users/hpennycuick/Documents/SimonOfTheDead/Content/Levels/TestMap_01_BuiltData.uasset'
[2018.11.30-01.35.59:131][978]LogAssetEditorManager: Opening Asset editor for Blueprint /Game/Blueprints/Logic/BP_GameLogic.BP_GameLogic
[2018.11.30-01.36.52:096][ 99]BlueprintLog: New page: Compile BP_GameLogic
[2018.11.30-01.36.54:572][361]Cmd: OBJ SAVEPACKAGE PACKAGE="/Game/Blueprints/Logic/BP_GameLogic" FILE="../../../../Users/hpennycuick/Documents/SimonOfTheDead/Content/Blueprints/Logic/BP_GameLogic.uasset" SILENT=true
[2018.11.30-01.36.54:659][361]LogSavePackage: Moving '../../../../Users/hpennycuick/Documents/SimonOfTheDead/Saved/BP_GameLogicC0D5E968428EDF387B1AFFB3BB3C00D8.tmp' to '../../../../Users/hpennycuick/Documents/SimonOfTheDead/Content/Blueprints/Logic/BP_GameLogic.uasset'
[2018.11.30-01.39.06:497][124]BlueprintLog: New page: Compile BP_GameLogic
[2018.11.30-01.39.07:153][151]Cmd: OBJ SAVEPACKAGE PACKAGE="/Game/Blueprints/Logic/BP_GameLogic" FILE="../../../../Users/hpennycuick/Documents/SimonOfTheDead/Content/Blueprints/Logic/BP_GameLogic.uasset" SILENT=true
[2018.11.30-01.39.07:237][151]LogSavePackage: Moving '../../../../Users/hpennycuick/Documents/SimonOfTheDead/Saved/BP_GameLogic90486C1E42CC56C16D324BBB11C6CDBC.tmp' to '../../../../Users/hpennycuick/Documents/SimonOfTheDead/Content/Blueprints/Logic/BP_GameLogic.uasset'
[2018.11.30-01.43.00:164][620]BlueprintLog: New page: Compile BP_GameLogic
[2018.11.30-01.43.00:749][655]Cmd: OBJ SAVEPACKAGE PACKAGE="/Game/Blueprints/Logic/BP_GameLogic" FILE="../../../../Users/hpennycuick/Documents/SimonOfTheDead/Content/Blueprints/Logic/BP_GameLogic.uasset" SILENT=true
[2018.11.30-01.43.00:842][655]LogSavePackage: Moving '../../../../Users/hpennycuick/Documents/SimonOfTheDead/Saved/BP_GameLogicF35E191E40481262C6AD0E9FBEDEB018.tmp' to '../../../../Users/hpennycuick/Documents/SimonOfTheDead/Content/Blueprints/Logic/BP_GameLogic.uasset'
[2018.11.30-01.44.10:848][901]BlueprintLog: New page: Compile BP_GameLogic
[2018.11.30-01.44.11:389][930]Cmd: OBJ SAVEPACKAGE PACKAGE="/Game/Blueprints/Logic/BP_GameLogic" FILE="../../../../Users/hpennycuick/Documents/SimonOfTheDead/Content/Blueprints/Logic/BP_GameLogic.uasset" SILENT=true
[2018.11.30-01.44.11:480][930]LogSavePackage: Moving '../../../../Users/hpennycuick/Documents/SimonOfTheDead/Saved/BP_GameLogic1B1A64C344AC0B4184D2EA98F749CBB1.tmp' to '../../../../Users/hpennycuick/Documents/SimonOfTheDead/Content/Blueprints/Logic/BP_GameLogic.uasset'
[2018.11.30-01.44.13:577][170]Cmd: OBJ SAVEPACKAGE PACKAGE="/Game/Levels/TestMap_01" FILE="../../../../Users/hpennycuick/Documents/SimonOfTheDead/Content/Levels/TestMap_01.umap" SILENT=true AUTOSAVING=false KEEPDIRTY=false
[2018.11.30-01.44.13:650][170]LogSavePackage: Moving '../../../../Users/hpennycuick/Documents/SimonOfTheDead/Saved/TestMap_01C274501D4D152E0352838087CFAEB569.tmp' to '../../../../Users/hpennycuick/Documents/SimonOfTheDead/Content/Levels/TestMap_01.umap'
[2018.11.30-01.44.13:683][170]Cmd: OBJ SAVEPACKAGE PACKAGE="/Game/Levels/TestMap_01_BuiltData" FILE="../../../../Users/hpennycuick/Documents/SimonOfTheDead/Content/Levels/TestMap_01_BuiltData.uasset" SILENT=true
[2018.11.30-01.44.13:704][170]LogSavePackage: Moving '../../../../Users/hpennycuick/Documents/SimonOfTheDead/Saved/TestMap_01_BuiltData7A839A094E9C1C3EF04669B02CFEB4F3.tmp' to '../../../../Users/hpennycuick/Documents/SimonOfTheDead/Content/Levels/TestMap_01_BuiltData.uasset'
[2018.11.30-01.44.44:577][412]Cmd: OBJ SAVEPACKAGE PACKAGE="/Game/Blueprints/Logic/BP_GameLogic" FILE="../../../../Users/hpennycuick/Documents/SimonOfTheDead/Content/Blueprints/Logic/BP_GameLogic.uasset" SILENT=true
[2018.11.30-01.44.44:658][412]LogSavePackage: Moving '../../../../Users/hpennycuick/Documents/SimonOfTheDead/Saved/BP_GameLogic36D1E06048ACF223C3977CAC6A859D5E.tmp' to '../../../../Users/hpennycuick/Documents/SimonOfTheDead/Content/Blueprints/Logic/BP_GameLogic.uasset'
[2018.11.30-01.45.10:780][376]BlueprintLog: New page: Compile BP_GameLogic
[2018.11.30-01.45.11:394][408]Cmd: OBJ SAVEPACKAGE PACKAGE="/Game/Blueprints/Logic/BP_GameLogic" FILE="../../../../Users/hpennycuick/Documents/SimonOfTheDead/Content/Blueprints/Logic/BP_GameLogic.uasset" SILENT=true
[2018.11.30-01.45.11:477][408]LogSavePackage: Moving '../../../../Users/hpennycuick/Documents/SimonOfTheDead/Saved/BP_GameLogic74C9867F46935BDB1F3860B6B9D66859.tmp' to '../../../../Users/hpennycuick/Documents/SimonOfTheDead/Content/Blueprints/Logic/BP_GameLogic.uasset'
[2018.11.30-01.45.12:877][559]Cmd: OBJ SAVEPACKAGE PACKAGE="/Game/Levels/TestMap_01" FILE="../../../../Users/hpennycuick/Documents/SimonOfTheDead/Content/Levels/TestMap_01.umap" SILENT=true AUTOSAVING=false KEEPDIRTY=false
[2018.11.30-01.45.12:946][559]LogSavePackage: Moving '../../../../Users/hpennycuick/Documents/SimonOfTheDead/Saved/TestMap_016217DCE24C88B84ED2E74D91933D1F3B.tmp' to '../../../../Users/hpennycuick/Documents/SimonOfTheDead/Content/Levels/TestMap_01.umap'
[2018.11.30-01.45.12:979][559]Cmd: OBJ SAVEPACKAGE PACKAGE="/Game/Levels/TestMap_01_BuiltData" FILE="../../../../Users/hpennycuick/Documents/SimonOfTheDead/Content/Levels/TestMap_01_BuiltData.uasset" SILENT=true
[2018.11.30-01.45.12:996][559]LogSavePackage: Moving '../../../../Users/hpennycuick/Documents/SimonOfTheDead/Saved/TestMap_01_BuiltDataC1F2301544321192ED7C1295278777FE.tmp' to '../../../../Users/hpennycuick/Documents/SimonOfTheDead/Content/Levels/TestMap_01_BuiltData.uasset'
[2018.11.30-03.51.00:768][ 59]LogFileHelpers: Editor autosave (incl. sublevels) for '/Game/Levels/TestMap_01' took 0.050
[2018.11.30-03.51.00:770][ 59]OBJ SavePackage: Generating thumbnails for [0] asset(s) in package [/Game/Blueprints/Logic/BP_GameLogic] ([1] browsable assets)...
[2018.11.30-03.51.00:770][ 59]OBJ SavePackage: Finished generating thumbnails for package [/Game/Blueprints/Logic/BP_GameLogic]
[2018.11.30-03.51.00:861][ 59]LogSavePackage: Moving '../../../../Users/hpennycuick/Documents/SimonOfTheDead/Saved/BP_GameLogic_Auto3FC5C9FD149FA415469A2388531ADCB07.tmp' to '../../../../Users/hpennycuick/Documents/SimonOfTheDead/Saved/Autosaves/Game/Blueprints/Logic/BP_GameLogic_Auto3.uasset'
[2018.11.30-03.51.00:862][ 59]LogFileHelpers: Auto-saving content packages took 0.093
[2018.11.30-04.00.31:169][986]Cmd: OBJ SAVEPACKAGE PACKAGE="/Game/Blueprints/Logic/BP_GameLogic" FILE="../../../../Users/hpennycuick/Documents/SimonOfTheDead/Content/Blueprints/Logic/BP_GameLogic.uasset" SILENT=true
[2018.11.30-04.00.31:263][986]LogSavePackage: Moving '../../../../Users/hpennycuick/Documents/SimonOfTheDead/Saved/BP_GameLogic16DA766C40F2AA756BB6A59B9CB0AB03.tmp' to '../../../../Users/hpennycuick/Documents/SimonOfTheDead/Content/Blueprints/Logic/BP_GameLogic.uasset'
[2018.11.30-05.28.16:957][182]LogActorComponent: UnregisterComponent: (/Engine/Transient.EditorFloorComp) Not registered. Aborting.
[2018.11.30-05.28.17:009][182]LogActorComponent: UnregisterComponent: (/Engine/Transient.EditorFloorComp) Not registered. Aborting.
[2018.11.30-05.28.17:076][182]LogActorComponent: UnregisterComponent: (/Engine/Transient.EditorFloorComp) Not registered. Aborting.
[2018.11.30-05.28.17:122][182]LogSlate: Window 'SimonOfTheDead - Unreal Editor' being destroyed
[2018.11.30-05.28.17:310][183]Cmd: QUIT_EDITOR
[2018.11.30-05.28.17:343][183]LogSlate: Slate User Destroyed.  User Index 0, Is Virtual User: 0
[2018.11.30-05.28.17:343][183]LogExit: Preparing to exit.
[2018.11.30-05.28.17:592][183]LogExit: Editor shut down
[2018.11.30-05.28.17:592][183]LogExit: Transaction tracking system shut down
[2018.11.30-05.28.17:782][183]LogExit: Object subsystem successfully closed.
[2018.11.30-05.28.17:797][183]LogShaderCompilers: Display: Shaders left to compile 0
[2018.11.30-05.28.17:800][183]LogD3D11RHI: Shutdown
[2018.11.30-05.28.17:800][183]LogD3D11RHI: CleanupD3DDevice
[2018.11.30-05.28.17:801][183]LogD3D11RHI: ~FD3D11DynamicRHI
[2018.11.30-05.28.17:814][183]LogModuleManager: Shutting down and abandoning module BlueprintGraph (574)
[2018.11.30-05.28.17:814][183]LogModuleManager: Shutting down and abandoning module HierarchicalLODOutliner (572)
[2018.11.30-05.28.17:814][183]LogModuleManager: Shutting down and abandoning module SceneOutliner (570)
[2018.11.30-05.28.17:814][183]LogModuleManager: Shutting down and abandoning module AddContentDialog (568)
[2018.11.30-05.28.17:814][183]LogModuleManager: Shutting down and abandoning module WidgetCarousel (567)
[2018.11.30-05.28.17:814][183]LogModuleManager: Shutting down and abandoning module EditorWidgets (564)
[2018.11.30-05.28.17:814][183]LogModuleManager: Shutting down and abandoning module CollectionManager (562)
[2018.11.30-05.28.17:815][183]LogModuleManager: Shutting down and abandoning module StatsViewer (560)
[2018.11.30-05.28.17:815][183]LogModuleManager: Shutting down and abandoning module FoliageEdit (558)
[2018.11.30-05.28.17:815][183]LogModuleManager: Shutting down and abandoning module LandscapeEditor (556)
[2018.11.30-05.28.17:815][183]LogModuleManager: Shutting down and abandoning module MeshPaintMode (554)
[2018.11.30-05.28.17:815][183]LogModuleManager: Shutting down and abandoning module SceneDepthPickerMode (552)
[2018.11.30-05.28.17:815][183]LogModuleManager: Shutting down and abandoning module ActorPickerMode (550)
[2018.11.30-05.28.17:815][183]LogModuleManager: Shutting down and abandoning module GeometryMode (548)
[2018.11.30-05.28.17:815][183]LogModuleManager: Shutting down and abandoning module TextureAlignMode (546)
[2018.11.30-05.28.17:815][183]LogModuleManager: Shutting down and abandoning module BspMode (544)
[2018.11.30-05.28.17:815][183]LogModuleManager: Shutting down and abandoning module PIEPreviewDeviceProfileSelector (542)
[2018.11.30-05.28.17:815][183]LogModuleManager: Shutting down and abandoning module SequenceRecorderSections (540)
[2018.11.30-05.28.17:815][183]LogModuleManager: Shutting down and abandoning module AutomationWorker (538)
[2018.11.30-05.28.17:815][183]LogModuleManager: Shutting down and abandoning module AudioCaptureEditor (536)
[2018.11.30-05.28.17:815][183]LogModuleManager: Shutting down and abandoning module SequenceRecorder (535)
[2018.11.30-05.28.17:815][183]LogModuleManager: Shutting down and abandoning module MatineeToLevelSequence (532)
[2018.11.30-05.28.17:815][183]LogModuleManager: Shutting down and abandoning module LevelSequenceEditor (530)
[2018.11.30-05.28.17:815][183]LogModuleManager: Shutting down and abandoning module PlacementMode (529)
[2018.11.30-05.28.17:815][183]LogModuleManager: Shutting down and abandoning module MaterialEditor (528)
[2018.11.30-05.28.17:815][183]LogModuleManager: Shutting down and abandoning module WmfMediaFactory (524)
[2018.11.30-05.28.17:815][183]LogModuleManager: Shutting down and abandoning module WmfMediaEditor (522)
[2018.11.30-05.28.17:815][183]LogModuleManager: Shutting down and abandoning module MediaPlayerEditor (520)
[2018.11.30-05.28.17:815][183]LogModuleManager: Shutting down and abandoning module OpenExrWrapper (518)
[2018.11.30-05.28.17:815][183]LogModuleManager: Shutting down and abandoning module ImgMediaFactory (516)
[2018.11.30-05.28.17:815][183]LogModuleManager: Shutting down and abandoning module ImgMediaEditor (514)
[2018.11.30-05.28.17:815][183]LogModuleManager: Shutting down and abandoning module AvfMediaFactory (512)
[2018.11.30-05.28.17:815][183]LogModuleManager: Shutting down and abandoning module AvfMediaEditor (510)
[2018.11.30-05.28.17:815][183]LogModuleManager: Shutting down and abandoning module AndroidMediaFactory (508)
[2018.11.30-05.28.17:815][183]LogModuleManager: Shutting down and abandoning module AndroidMediaEditor (506)
[2018.11.30-05.28.17:815][183]LogModuleManager: Shutting down and abandoning module CharacterAI (504)
[2018.11.30-05.28.17:815][183]LogModuleManager: Shutting down and abandoning module SmartSnapping (502)
[2018.11.30-05.28.17:815][183]LogModuleManager: Shutting down and abandoning module SessionServices (500)
[2018.11.30-05.28.17:815][183]LogModuleManager: Shutting down and abandoning module ViewportSnapping (498)
[2018.11.30-05.28.17:815][183]LogModuleManager: Shutting down and abandoning module ViewportInteraction (496)
[2018.11.30-05.28.17:815][183]LogModuleManager: Shutting down and abandoning module ClothPainter (494)
[2018.11.30-05.28.17:815][183]LogModuleManager: Shutting down and abandoning module SkeletalMeshEditor (493)
[2018.11.30-05.28.17:815][183]LogModuleManager: Shutting down and abandoning module LogVisualizer (490)
[2018.11.30-05.28.17:815][183]LogModuleManager: Shutting down and abandoning module IntroTutorials (488)
[2018.11.30-05.28.17:816][183]LogModuleManager: Shutting down and abandoning module GameProjectGeneration (487)
[2018.11.30-05.28.17:816][183]LogModuleManager: Shutting down and abandoning module LuminPlatformEditor (484)
[2018.11.30-05.28.17:816][183]LogModuleManager: Shutting down and abandoning module IOSPlatformEditor (482)
[2018.11.30-05.28.17:816][183]LogModuleManager: Shutting down and abandoning module HTML5PlatformEditor (480)
[2018.11.30-05.28.17:816][183]LogModuleManager: Shutting down and abandoning module AndroidPlatformEditor (478)
[2018.11.30-05.28.17:816][183]LogModuleManager: Shutting down and abandoning module AndroidDeviceDetection (477)
[2018.11.30-05.28.18:299][183]LogModuleManager: Shutting down and abandoning module WindowsPlatformEditor (474)
[2018.11.30-05.28.18:299][183]LogModuleManager: Shutting down and abandoning module LuminRuntimeSettings (472)
[2018.11.30-05.28.18:299][183]LogModuleManager: Shutting down and abandoning module IOSRuntimeSettings (470)
[2018.11.30-05.28.18:299][183]LogModuleManager: Shutting down and abandoning module AndroidRuntimeSettings (468)
[2018.11.30-05.28.18:299][183]LogModuleManager: Shutting down and abandoning module InputBindingEditor (466)
[2018.11.30-05.28.18:299][183]LogModuleManager: Shutting down and abandoning module MergeActors (464)
[2018.11.30-05.28.18:300][183]LogModuleManager: Shutting down and abandoning module LocalizationDashboard (462)
[2018.11.30-05.28.18:300][183]LogModuleManager: Shutting down and abandoning module LocalizationService (461)
[2018.11.30-05.28.18:300][183]LogModuleManager: Shutting down and abandoning module HardwareTargeting (458)
[2018.11.30-05.28.18:300][183]LogModuleManager: Shutting down and abandoning module DeviceProfileEditor (456)
[2018.11.30-05.28.18:300][183]LogModuleManager: Shutting down and abandoning module UndoHistory (454)
[2018.11.30-05.28.18:300][183]LogModuleManager: Shutting down and abandoning module XmlParser (452)
[2018.11.30-05.28.18:300][183]LogModuleManager: Shutting down and abandoning module Blutility (450)
[2018.11.30-05.28.18:300][183]LogModuleManager: Shutting down and abandoning module ProjectSettingsViewer (448)
[2018.11.30-05.28.18:300][183]LogModuleManager: Shutting down and abandoning module ProjectTargetPlatformEditor (447)
[2018.11.30-05.28.18:301][183]LogModuleManager: Shutting down and abandoning module EditorSettingsViewer (444)
[2018.11.30-05.28.18:301][183]LogModuleManager: Shutting down and abandoning module SettingsEditor (442)
[2018.11.30-05.28.18:301][183]LogModuleManager: Shutting down and abandoning module ProjectLauncher (440)
[2018.11.30-05.28.18:301][183]LogModuleManager: Shutting down and abandoning module SessionFrontend (438)
[2018.11.30-05.28.18:301][183]LogModuleManager: Shutting down and abandoning module ProfilerClient (436)
[2018.11.30-05.28.18:301][183]LogModuleManager: Shutting down and abandoning module DeviceManager (434)
[2018.11.30-05.28.18:301][183]LogModuleManager: Shutting down and abandoning module TargetDeviceServices (433)
[2018.11.30-05.28.18:367][183]LogModuleManager: Shutting down and abandoning module AutomationController (430)
[2018.11.30-05.28.18:367][183]LogModuleManager: Shutting down and abandoning module AutomationWindow (428)
[2018.11.30-05.28.18:367][183]LogModuleManager: Shutting down and abandoning module Layers (426)
[2018.11.30-05.28.18:367][183]LogModuleManager: Shutting down and abandoning module ComponentVisualizers (424)
[2018.11.30-05.28.18:367][183]LogModuleManager: Shutting down and abandoning module DetailCustomizations (422)
[2018.11.30-05.28.18:367][183]LogModuleManager: Shutting down and abandoning module PackagesDialog (420)
[2018.11.30-05.28.18:368][183]LogModuleManager: Shutting down and abandoning module Persona (418)
[2018.11.30-05.28.18:368][183]LogModuleManager: Shutting down and abandoning module AdvancedPreviewScene (417)
[2018.11.30-05.28.18:368][183]LogModuleManager: Shutting down and abandoning module AnimGraph (415)
[2018.11.30-05.28.18:368][183]LogModuleManager: Shutting down and abandoning module Kismet (412)
[2018.11.30-05.28.18:379][183]LogModuleManager: Shutting down and abandoning module GraphEditor (410)
[2018.11.30-05.28.18:379][183]LogModuleManager: Shutting down and abandoning module ClassViewer (408)
[2018.11.30-05.28.18:379][183]LogModuleManager: Shutting down and abandoning module Toolbox (406)
[2018.11.30-05.28.18:379][183]LogModuleManager: Shutting down and abandoning module ModuleUI (404)
[2018.11.30-05.28.18:379][183]LogModuleManager: Shutting down and abandoning module MovieSceneTools (402)
[2018.11.30-05.28.18:380][183]LogModuleManager: Shutting down and abandoning module OutputLog (400)
[2018.11.30-05.28.18:380][183]LogModuleManager: Shutting down and abandoning module GammaUI (398)
[2018.11.30-05.28.18:380][183]LogModuleManager: Shutting down and abandoning module Documentation (396)
[2018.11.30-05.28.18:380][183]LogModuleManager: Shutting down and abandoning module MovieSceneTracks (394)
[2018.11.30-05.28.18:380][183]LogModuleManager: Shutting down and abandoning module MovieScene (392)
[2018.11.30-05.28.18:380][183]LogModuleManager: Shutting down and abandoning module StreamingPauseRendering (390)
[2018.11.30-05.28.18:380][183]LogModuleManager: Shutting down and abandoning module LauncherPlatform (388)
[2018.11.30-05.28.18:380][183]LogModuleManager: Shutting down and abandoning module AnalyticsET (386)
[2018.11.30-05.28.18:380][183]LogModuleManager: Shutting down and abandoning module PortalServices (384)
[2018.11.30-05.28.18:380][183]LogModuleManager: Shutting down and abandoning module PortalRpc (382)
[2018.11.30-05.28.18:380][183]LogModuleManager: Shutting down and abandoning module MessagingRpc (380)
[2018.11.30-05.28.18:380][183]LogModuleManager: Shutting down and abandoning module AIModule (378)
[2018.11.30-05.28.18:380][183]LogModuleManager: Shutting down and abandoning module GameplayDebugger (377)
[2018.11.30-05.28.18:380][183]LogModuleManager: Shutting down and abandoning module AITestSuite (375)
[2018.11.30-05.28.18:380][183]LogModuleManager: Shutting down and abandoning module NavigationSystem (373)
[2018.11.30-05.28.18:380][183]LogModuleManager: Shutting down and abandoning module DesktopPlatform (370)
[2018.11.30-05.28.18:380][183]LogModuleManager: Shutting down and abandoning module ProfilerService (368)
[2018.11.30-05.28.18:503][183]LogModuleManager: Shutting down and abandoning module TaskGraph (366)
[2018.11.30-05.28.18:504][183]LogModuleManager: Shutting down and abandoning module ProceduralMeshComponentEditor (364)
[2018.11.30-05.28.18:504][183]LogModuleManager: Shutting down and abandoning module ProceduralMeshComponent (362)
[2018.11.30-05.28.18:504][183]LogModuleManager: Shutting down and abandoning module MobilePatchingUtils (360)
[2018.11.30-05.28.18:504][183]LogModuleManager: Shutting down and abandoning module EditableMesh (358)
[2018.11.30-05.28.18:504][183]LogModuleManager: Shutting down and abandoning module CustomMeshComponent (356)
[2018.11.30-05.28.18:504][183]LogModuleManager: Shutting down and abandoning module CableComponent (354)
[2018.11.30-05.28.18:504][183]LogModuleManager: Shutting down and abandoning module AudioCapture (352)
[2018.11.30-05.28.18:504][183]LogModuleManager: Shutting down and abandoning module ArchVisCharacter (350)
[2018.11.30-05.28.18:504][183]LogModuleManager: Shutting down and abandoning module AndroidPermission (348)
[2018.11.30-05.28.18:504][183]LogModuleManager: Shutting down and abandoning module NUTUnrealEngine4 (346)
[2018.11.30-05.28.18:504][183]LogModuleManager: Shutting down and abandoning module NetcodeUnitTest (344)
[2018.11.30-05.28.18:504][183]LogModuleManager: Shutting down and abandoning module MediaCompositingEditor (342)
[2018.11.30-05.28.18:504][183]LogModuleManager: Shutting down and abandoning module MediaCompositing (340)
[2018.11.30-05.28.18:504][183]LogModuleManager: Shutting down and abandoning module LinearTimecode (338)
[2018.11.30-05.28.18:504][183]LogModuleManager: Shutting down and abandoning module ImgMedia (336)
[2018.11.30-05.28.18:507][183]LogModuleManager: Shutting down and abandoning module HTML5Networking (334)
[2018.11.30-05.28.18:507][183]LogModuleManager: Shutting down and abandoning module GeometryCacheTracks (332)
[2018.11.30-05.28.18:507][183]LogModuleManager: Shutting down and abandoning module GeometryCacheSequencer (330)
[2018.11.30-05.28.18:507][183]LogModuleManager: Shutting down and abandoning module BackChannel (328)
[2018.11.30-05.28.18:507][183]LogModuleManager: Shutting down and abandoning module AppleVision (326)
[2018.11.30-05.28.18:507][183]LogModuleManager: Shutting down and abandoning module AppleImageUtils (324)
[2018.11.30-05.28.18:507][183]LogModuleManager: Shutting down and abandoning module AlembicImporter (322)
[2018.11.30-05.28.18:507][183]LogModuleManager: Shutting down and abandoning module AlembicLibrary (321)
[2018.11.30-05.28.18:507][183]LogModuleManager: Shutting down and abandoning module GeometryCache (320)
[2018.11.30-05.28.18:507][183]LogModuleManager: Shutting down and abandoning module GeometryCacheEd (319)
[2018.11.30-05.28.18:507][183]LogModuleManager: Shutting down and abandoning module DatasmithContentEditor (314)
[2018.11.30-05.28.18:507][183]LogModuleManager: Shutting down and abandoning module DatasmithContent (312)
[2018.11.30-05.28.18:507][183]LogModuleManager: Shutting down and abandoning module SpeedTreeImporter (310)
[2018.11.30-05.28.18:507][183]LogModuleManager: Shutting down and abandoning module PluginBrowser (308)
[2018.11.30-05.28.18:507][183]LogModuleManager: Shutting down and abandoning module MobileLauncherProfileWizard (306)
[2018.11.30-05.28.18:507][183]LogModuleManager: Shutting down and abandoning module PolygonModeling (304)
[2018.11.30-05.28.18:507][183]LogModuleManager: Shutting down and abandoning module MeshEditor (302)
[2018.11.30-05.28.18:507][183]LogModuleManager: Shutting down and abandoning module CryptoKeysOpenSSL (300)
[2018.11.30-05.28.18:508][183]LogModuleManager: Shutting down and abandoning module CryptoKeys (298)
[2018.11.30-05.28.18:508][183]LogModuleManager: Shutting down and abandoning module VisualStudioSourceCodeAccess (296)
[2018.11.30-05.28.18:508][183]LogModuleManager: Shutting down and abandoning module VisualStudioCodeSourceCodeAccess (294)
[2018.11.30-05.28.18:508][183]LogModuleManager: Shutting down and abandoning module UObjectPlugin (292)
[2018.11.30-05.28.18:508][183]LogModuleManager: Shutting down and abandoning module SubversionSourceControl (290)
[2018.11.30-05.28.18:508][183]LogModuleManager: Shutting down and abandoning module PerforceSourceControl (288)
[2018.11.30-05.28.18:508][183]LogModuleManager: Shutting down and abandoning module GitSourceControl (286)
[2018.11.30-05.28.18:508][183]LogModuleManager: Shutting down and abandoning module SourceControl (285)
[2018.11.30-05.28.18:508][183]LogModuleManager: Shutting down and abandoning module CLionSourceCodeAccess (282)
[2018.11.30-05.28.18:508][183]LogModuleManager: Shutting down and abandoning module LightPropagationVolumeEditor (280)
[2018.11.30-05.28.18:508][183]LogModuleManager: Shutting down and abandoning module PaperTiledImporter (278)
[2018.11.30-05.28.18:508][183]LogModuleManager: Shutting down and abandoning module PaperSpriteSheetImporter (276)
[2018.11.30-05.28.18:508][183]LogModuleManager: Shutting down and abandoning module Paper2DEditor (274)
[2018.11.30-05.28.18:508][183]LogModuleManager: Shutting down and abandoning module MeshPaint (273)
[2018.11.30-05.28.18:508][183]LogModuleManager: Shutting down and abandoning module RuntimePhysXCooking (270)
[2018.11.30-05.28.18:508][183]LogModuleManager: Shutting down and abandoning module PhysXVehiclesEditor (268)
[2018.11.30-05.28.18:508][183]LogModuleManager: Shutting down and abandoning module PhysXVehicles (266)
[2018.11.30-05.28.18:508][183]LogModuleManager: Shutting down and abandoning module LocationServicesBPLibrary (264)
[2018.11.30-05.28.18:508][183]LogModuleManager: Shutting down and abandoning module ImmediatePhysicsEditor (262)
[2018.11.30-05.28.18:508][183]LogModuleManager: Shutting down and abandoning module ImmediatePhysics (260)
[2018.11.30-05.28.18:508][183]LogModuleManager: Shutting down and abandoning module ActorSequence (258)
[2018.11.30-05.28.18:508][183]LogModuleManager: Shutting down and abandoning module UdpMessaging (256)
[2018.11.30-05.28.18:609][183]LogModuleManager: Shutting down and abandoning module TcpMessaging (254)
[2018.11.30-05.28.18:710][183]LogModuleManager: Shutting down and abandoning module GameplayTagsEditor (252)
[2018.11.30-05.28.18:710][183]LogModuleManager: Shutting down and abandoning module FacialAnimationEditor (250)
[2018.11.30-05.28.18:710][183]LogModuleManager: Shutting down and abandoning module FacialAnimation (248)
[2018.11.30-05.28.18:710][183]LogModuleManager: Shutting down and abandoning module DataValidation (246)
[2018.11.30-05.28.18:710][183]LogModuleManager: Shutting down and abandoning module AssetManagerEditor (244)
[2018.11.30-05.28.18:710][183]LogModuleManager: Shutting down and abandoning module LevelEditor (243)
[2018.11.30-05.28.18:710][183]LogModuleManager: Shutting down and abandoning module PixelInspectorModule (242)
[2018.11.30-05.28.18:710][183]LogModuleManager: Shutting down and abandoning module CommonMenuExtensions (240)
[2018.11.30-05.28.18:710][183]LogModuleManager: Shutting down and abandoning module MainFrame (238)
[2018.11.30-05.28.18:710][183]LogModuleManager: Shutting down and abandoning module HotReload (237)
[2018.11.30-05.28.18:711][183]LogModuleManager: Shutting down and abandoning module ContentBrowser (233)
[2018.11.30-05.28.18:712][183]LogModuleManager: Shutting down and abandoning module TreeMap (231)
[2018.11.30-05.28.18:712][183]LogModuleManager: Shutting down and abandoning module LightPropagationVolumeRuntime (228)
[2018.11.30-05.28.18:712][183]LogModuleManager: Shutting down and abandoning module AISupportModule (226)
[2018.11.30-05.28.18:712][183]LogModuleManager: Shutting down and abandoning module Paper2D (224)
[2018.11.30-05.28.18:712][183]LogModuleManager: Shutting down and abandoning module WindowsMoviePlayer (222)
[2018.11.30-05.28.18:712][183]LogModuleManager: Shutting down and abandoning module WmfMedia (220)
[2018.11.30-05.28.18:713][183]LogModuleManager: Shutting down and abandoning module Media (219)
[2018.11.30-05.28.18:719][183]LogModuleManager: Shutting down and abandoning module PacketHandler (216)
[2018.11.30-05.28.18:719][183]LogModuleManager: Shutting down and abandoning module ClothingSystemEditor (214)
[2018.11.30-05.28.18:719][183]LogModuleManager: Shutting down and abandoning module ClothingSystemRuntime (212)
[2018.11.30-05.28.18:719][183]LogModuleManager: Shutting down and abandoning module MediaAssets (210)
[2018.11.30-05.28.18:719][183]LogModuleManager: Shutting down and abandoning module Overlay (208)
[2018.11.30-05.28.18:719][183]LogModuleManager: Shutting down and abandoning module OverlayEditor (207)
[2018.11.30-05.28.18:719][183]LogModuleManager: Shutting down and abandoning module VREditor (204)
[2018.11.30-05.28.18:719][183]LogModuleManager: Shutting down and abandoning module StringTableEditor (202)
[2018.11.30-05.28.18:719][183]LogModuleManager: Shutting down and abandoning module GameplayTasksEditor (200)
[2018.11.30-05.28.18:719][183]LogModuleManager: Shutting down and abandoning module BehaviorTreeEditor (198)
[2018.11.30-05.28.18:719][183]LogModuleManager: Shutting down and abandoning module FunctionalTesting (196)
[2018.11.30-05.28.18:719][183]LogModuleManager: Shutting down and abandoning module CollisionAnalyzer (194)
[2018.11.30-05.28.18:719][183]LogModuleManager: Shutting down and abandoning module WorkspaceMenuStructure (193)
[2018.11.30-05.28.18:719][183]LogModuleManager: Shutting down and abandoning module UMG (190)
[2018.11.30-05.28.18:719][183]LogModuleManager: Shutting down and abandoning module UMGEditor (189)
[2018.11.30-05.28.18:719][183]LogModuleManager: Shutting down and abandoning module Sequencer (188)
[2018.11.30-05.28.18:719][183]LogModuleManager: Shutting down and abandoning module MessageLog (185)
[2018.11.30-05.28.18:719][183]LogModuleManager: Shutting down and abandoning module SlateReflector (180)
[2018.11.30-05.28.18:720][183]LogModuleManager: Shutting down and abandoning module Slate (178)
[2018.11.30-05.28.18:720][183]LogModuleManager: Shutting down and abandoning module EditorStyle (176)
[2018.11.30-05.28.18:721][183]LogModuleManager: Shutting down and abandoning module MRMesh (174)
[2018.11.30-05.28.18:721][183]LogModuleManager: Shutting down and abandoning module SourceCodeAccess (172)
[2018.11.30-05.28.18:721][183]LogModuleManager: Shutting down and abandoning module HeadMountedDisplay (170)
[2018.11.30-05.28.18:721][183]LogModuleManager: Shutting down and abandoning module XAudio2 (168)
[2018.11.30-05.28.18:721][183]LogModuleManager: Shutting down and abandoning module Networking (166)
[2018.11.30-05.28.18:721][183]LogModuleManager: Shutting down and abandoning module Core (164)
[2018.11.30-05.28.18:721][183]LogModuleManager: Shutting down and abandoning module LevelSequence (162)
[2018.11.30-05.28.18:721][183]LogModuleManager: Shutting down and abandoning module KismetCompiler (160)
[2018.11.30-05.28.18:721][183]LogModuleManager: Shutting down and abandoning module MeshUtilities (158)
[2018.11.30-05.28.18:721][183]LogModuleManager: Shutting down and abandoning module MeshMergeUtilities (157)
[2018.11.30-05.28.18:721][183]LogModuleManager: Shutting down and abandoning module MeshReductionInterface (156)
[2018.11.30-05.28.18:721][183]LogModuleManager: Shutting down and abandoning module SimplygonSwarm (155)
[2018.11.30-05.28.18:721][183]LogModuleManager: Shutting down and abandoning module ProxyLODMeshReduction (153)
[2018.11.30-05.28.18:721][183]LogModuleManager: Shutting down and abandoning module SimplygonMeshReduction (151)
[2018.11.30-05.28.18:721][183]LogModuleManager: Shutting down and abandoning module QuadricMeshReduction (149)
[2018.11.30-05.28.18:721][183]LogModuleManager: Shutting down and abandoning module MaterialBaking (145)
[2018.11.30-05.28.18:721][183]LogModuleManager: Shutting down and abandoning module DirectoryWatcher (141)
[2018.11.30-05.28.18:721][183]LogModuleManager: Shutting down and abandoning module DerivedDataCache (138)
[2018.11.30-05.28.18:728][183]LogDerivedDataCache: Shutdown
[2018.11.30-05.28.18:728][183]LogModuleManager: Shutting down and abandoning module XGEController (136)
[2018.11.30-05.28.18:728][183]LogXGEController: Cleaning working directory: C:/Users/hpennycuick/AppData/Local/Temp/UnrealXGEWorkingDir/
[2018.11.30-05.28.18:728][183]LogModuleManager: Shutting down and abandoning module TargetPlatform (134)
[2018.11.30-05.28.18:728][183]LogModuleManager: Shutting down and abandoning module VulkanShaderFormat (133)
[2018.11.30-05.28.18:728][183]LogModuleManager: Shutting down and abandoning module ShaderFormatVectorVM (131)
[2018.11.30-05.28.18:728][183]LogModuleManager: Shutting down and abandoning module ShaderFormatOpenGL (129)
[2018.11.30-05.28.18:728][183]LogModuleManager: Shutting down and abandoning module ShaderFormatD3D (127)
[2018.11.30-05.28.18:728][183]LogModuleManager: Shutting down and abandoning module MetalShaderFormat (125)
[2018.11.30-05.28.18:728][183]LogModuleManager: Shutting down and abandoning module TextureFormatUncompressed (123)
[2018.11.30-05.28.18:728][183]LogModuleManager: Shutting down and abandoning module TextureFormatPVR (121)
[2018.11.30-05.28.18:728][183]LogModuleManager: Shutting down and abandoning module TextureFormatDXT (119)
[2018.11.30-05.28.18:728][183]LogModuleManager: Shutting down and abandoning module TextureFormatIntelISPCTexComp (117)
[2018.11.30-05.28.18:729][183]LogModuleManager: Shutting down and abandoning module TextureFormatASTC (115)
[2018.11.30-05.28.18:729][183]LogModuleManager: Shutting down and abandoning module ImageWrapper (114)
[2018.11.30-05.28.18:729][183]LogModuleManager: Shutting down and abandoning module TextureFormatAndroid (111)
[2018.11.30-05.28.18:729][183]LogModuleManager: Shutting down and abandoning module AudioFormatOpus (109)
[2018.11.30-05.28.18:729][183]LogModuleManager: Shutting down and abandoning module AudioFormatOgg (107)
[2018.11.30-05.28.18:729][183]LogModuleManager: Shutting down and abandoning module AudioFormatADPCM (105)
[2018.11.30-05.28.18:729][183]LogModuleManager: Shutting down and abandoning module LuminTargetPlatform (103)
[2018.11.30-05.28.18:729][183]LogModuleManager: Shutting down and abandoning module LinuxTargetPlatform (101)
[2018.11.30-05.28.18:729][183]LogModuleManager: Shutting down and abandoning module LinuxServerTargetPlatform (99)
[2018.11.30-05.28.18:729][183]LogModuleManager: Shutting down and abandoning module LinuxNoEditorTargetPlatform (97)
[2018.11.30-05.28.18:729][183]LogModuleManager: Shutting down and abandoning module LinuxClientTargetPlatform (95)
[2018.11.30-05.28.18:729][183]LogModuleManager: Shutting down and abandoning module TVOSTargetPlatform (93)
[2018.11.30-05.28.18:729][183]LogModuleManager: Shutting down and abandoning module Messaging (91)
[2018.11.30-05.28.18:729][183]LogModuleManager: Shutting down and abandoning module IOSTargetPlatform (89)
[2018.11.30-05.28.18:730][183]LogModuleManager: Shutting down and abandoning module HTML5TargetPlatform (87)
[2018.11.30-05.28.18:730][183]LogModuleManager: Shutting down and abandoning module AndroidTargetPlatform (85)
[2018.11.30-05.28.18:736][183]LogModuleManager: Shutting down and abandoning module WindowsTargetPlatform (83)
[2018.11.30-05.28.18:736][183]LogModuleManager: Shutting down and abandoning module WindowsServerTargetPlatform (81)
[2018.11.30-05.28.18:736][183]LogModuleManager: Shutting down and abandoning module WindowsNoEditorTargetPlatform (79)
[2018.11.30-05.28.18:736][183]LogModuleManager: Shutting down and abandoning module WindowsClientTargetPlatform (77)
[2018.11.30-05.28.18:736][183]LogModuleManager: Shutting down and abandoning module MacTargetPlatform (75)
[2018.11.30-05.28.18:736][183]LogModuleManager: Shutting down and abandoning module MacServerTargetPlatform (73)
[2018.11.30-05.28.18:736][183]LogModuleManager: Shutting down and abandoning module MacNoEditorTargetPlatform (71)
[2018.11.30-05.28.18:736][183]LogModuleManager: Shutting down and abandoning module MacClientTargetPlatform (69)
[2018.11.30-05.28.18:736][183]LogModuleManager: Shutting down and abandoning module AllDesktopTargetPlatform (67)
[2018.11.30-05.28.18:736][183]LogModuleManager: Shutting down and abandoning module InputCore (64)
[2018.11.30-05.28.18:736][183]LogModuleManager: Shutting down and abandoning module Settings (62)
[2018.11.30-05.28.18:736][183]LogModuleManager: Shutting down and abandoning module PhysXCooking (60)
[2018.11.30-05.28.18:736][183]LogModuleManager: Shutting down and abandoning module ExampleDeviceProfileSelector (58)
[2018.11.30-05.28.18:736][183]LogModuleManager: Shutting down and abandoning module LauncherChunkInstaller (56)
[2018.11.30-05.28.18:736][183]LogModuleManager: Shutting down and abandoning module OnlineBlueprintSupport (54)
[2018.11.30-05.28.18:736][183]LogModuleManager: Shutting down and abandoning module OnlineSubsystem (50)
[2018.11.30-05.28.18:737][183]LogModuleManager: Shutting down and abandoning module XMPP (45)
[2018.11.30-05.28.18:738][183]LogModuleManager: Shutting down and abandoning module WebSockets (44)
[2018.11.30-05.28.18:768][183]LogModuleManager: Shutting down and abandoning module HTTP (41)
[2018.11.30-05.28.18:768][183]LogHttp: Display: Http module shutting down, but needs to wait on 2 outstanding Http requests:
[2018.11.30-05.28.18:769][183]LogHttp: Display: 	verb=[POST] url=[https://datarouter.ol.epicgames.com/datarouter/api/v1/public/data?SessionID=%7BC7F4DEF9-4090-8AD2-E909-2C94849CE0B2%7D&AppID=UEEditor.Rocket.Release&AppVersion=4.20.3-4369336%2B%2B%2BUE4%2BRelease-4.20&UserID=3e120cd845f37aa5ea5633a0553ad429%7C086fe221c6934852a30c6a01104ea8a8%7C8f7ca108-0e80-45bf-b167-f38aa5d91da3&AppEnvironment=datacollector-binary&UploadType=eteventstream] status=Processing
[2018.11.30-05.28.18:769][183]LogHttp: Display: 	verb=[POST] url=[https://datarouter.ol.epicgames.com/datarouter/api/v1/public/data?SessionID=%7BC7F4DEF9-4090-8AD2-E909-2C94849CE0B2%7D&AppID=UEEditor.Rocket.Release&AppVersion=4.20.3-4369336%2B%2B%2BUE4%2BRelease-4.20&UserID=3e120cd845f37aa5ea5633a0553ad429%7C086fe221c6934852a30c6a01104ea8a8%7C8f7ca108-0e80-45bf-b167-f38aa5d91da3&AppEnvironment=datacollector-binary&UploadType=eteventstream] status=Processing
[2018.11.30-05.28.18:792][183]LogModuleManager: Shutting down and abandoning module SSL (40)
[2018.11.30-05.28.18:794][183]LogModuleManager: Shutting down and abandoning module AnimationModifiers (36)
[2018.11.30-05.28.18:794][183]LogModuleManager: Shutting down and abandoning module PropertyEditor (35)
[2018.11.30-05.28.18:794][183]LogModuleManager: Shutting down and abandoning module AudioEditor (32)
[2018.11.30-05.28.18:795][183]LogModuleManager: Shutting down and abandoning module TextureCompressor (30)
[2018.11.30-05.28.18:795][183]LogModuleManager: Shutting down and abandoning module ShaderCore (28)
[2018.11.30-05.28.18:795][183]LogModuleManager: Shutting down and abandoning module Landscape (26)
[2018.11.30-05.28.18:795][183]LogModuleManager: Shutting down and abandoning module SlateRHIRenderer (24)
[2018.11.30-05.28.18:800][183]LogModuleManager: Shutting down and abandoning module OpenGLDrv (22)
[2018.11.30-05.28.18:800][183]LogModuleManager: Shutting down and abandoning module D3D11RHI (20)
[2018.11.30-05.28.18:800][183]LogModuleManager: Shutting down and abandoning module AnimGraphRuntime (18)
[2018.11.30-05.28.18:800][183]LogModuleManager: Shutting down and abandoning module Renderer (16)
[2018.11.30-05.28.18:800][183]LogModuleManager: Shutting down and abandoning module Engine (14)
[2018.11.30-05.28.18:800][183]LogModuleManager: Shutting down and abandoning module CoreUObject (12)
[2018.11.30-05.28.18:800][183]LogModuleManager: Shutting down and abandoning module NetworkFile (10)
[2018.11.30-05.28.18:800][183]LogModuleManager: Shutting down and abandoning module CookedIterativeFile (8)
[2018.11.30-05.28.18:800][183]LogModuleManager: Shutting down and abandoning module StreamingFile (6)
[2018.11.30-05.28.18:800][183]LogModuleManager: Shutting down and abandoning module SandboxFile (4)
[2018.11.30-05.28.18:800][183]LogModuleManager: Shutting down and abandoning module PakFile (2)
[2018.11.30-05.28.18:812][183]LogExit: Exiting.
[2018.11.30-05.28.18:846][183]Log file closed, 11/30/18 16:28:18
